{"/home/travis/build/npmtest/node-npmtest-spotify-web-api-node/test.js":{"path":"/home/travis/build/npmtest/node-npmtest-spotify-web-api-node/test.js","s":{"1":2,"2":2,"3":2,"4":2,"5":2,"6":2,"7":2,"8":1,"9":2,"10":2,"11":1,"12":1,"13":1,"14":1,"15":2,"16":2,"17":2,"18":2,"19":1,"20":1,"21":2,"22":2,"23":2,"24":1,"25":1,"26":1,"27":1,"28":1,"29":1,"30":1,"31":1,"32":1,"33":1,"34":1,"35":1,"36":1,"37":1,"38":1,"39":2,"40":2,"41":1,"42":2,"43":2,"44":1,"45":2,"46":2,"47":1,"48":2,"49":2,"50":1,"51":1,"52":1,"53":1,"54":1},"b":{"1":[2,1,1,1],"2":[1,1,1,1],"3":[1,1],"4":[1,1],"5":[1,1],"6":[1,1],"7":[1,1],"8":[1,1],"9":[1,1],"10":[1,1,1],"11":[1,1],"12":[1,1],"13":[1,1],"14":[1,1],"15":[1,1],"16":[1,1],"17":[1,1]},"f":{"1":2,"2":2,"3":2,"4":2,"5":2,"6":1,"7":1,"8":1,"9":2,"10":2,"11":2,"12":2,"13":1},"fnMap":{"1":{"name":"(anonymous_1)","line":12,"loc":{"start":{"line":12,"column":1},"end":{"line":12,"column":13}}},"2":{"name":"(anonymous_2)","line":19,"loc":{"start":{"line":19,"column":5},"end":{"line":19,"column":17}}},"3":{"name":"(anonymous_3)","line":23,"loc":{"start":{"line":23,"column":24},"end":{"line":23,"column":36}}},"4":{"name":"(anonymous_4)","line":61,"loc":{"start":{"line":61,"column":5},"end":{"line":61,"column":17}}},"5":{"name":"(anonymous_5)","line":82,"loc":{"start":{"line":82,"column":5},"end":{"line":82,"column":17}}},"6":{"name":"(anonymous_6)","line":91,"loc":{"start":{"line":91,"column":77},"end":{"line":94,"column":10}}},"7":{"name":"(anonymous_7)","line":112,"loc":{"start":{"line":112,"column":83},"end":{"line":115,"column":10}},"skip":true},"8":{"name":"(anonymous_8)","line":123,"loc":{"start":{"line":123,"column":77},"end":{"line":126,"column":10}},"skip":true},"9":{"name":"(anonymous_9)","line":139,"loc":{"start":{"line":139,"column":12},"end":{"line":139,"column":40}},"skip":true},"10":{"name":"(anonymous_10)","line":147,"loc":{"start":{"line":147,"column":77},"end":{"line":150,"column":10}},"skip":true},"11":{"name":"(anonymous_11)","line":158,"loc":{"start":{"line":158,"column":83},"end":{"line":161,"column":10}},"skip":true},"12":{"name":"(anonymous_12)","line":169,"loc":{"start":{"line":169,"column":79},"end":{"line":172,"column":10}},"skip":true},"13":{"name":"(anonymous_13)","line":180,"loc":{"start":{"line":180,"column":75},"end":{"line":183,"column":10}},"skip":true}},"statementMap":{"1":{"start":{"line":12,"column":0},"end":{"line":195,"column":5}},"2":{"start":{"line":14,"column":4},"end":{"line":14,"column":14}},"3":{"start":{"line":19,"column":4},"end":{"line":56,"column":9}},"4":{"start":{"line":21,"column":8},"end":{"line":21,"column":19}},"5":{"start":{"line":23,"column":8},"end":{"line":35,"column":13}},"6":{"start":{"line":24,"column":12},"end":{"line":34,"column":13}},"7":{"start":{"line":25,"column":16},"end":{"line":28,"column":30}},"8":{"start":{"line":30,"column":16},"end":{"line":33,"column":27}},"9":{"start":{"line":37,"column":8},"end":{"line":39,"column":21}},"10":{"start":{"line":40,"column":8},"end":{"line":53,"column":9}},"11":{"start":{"line":43,"column":12},"end":{"line":46,"column":14}},"12":{"start":{"line":47,"column":12},"end":{"line":47,"column":18}},"13":{"start":{"line":50,"column":12},"end":{"line":51,"column":33}},"14":{"start":{"line":52,"column":12},"end":{"line":52,"column":18}},"15":{"start":{"line":55,"column":8},"end":{"line":55,"column":35}},"16":{"start":{"line":61,"column":4},"end":{"line":63,"column":9}},"17":{"start":{"line":62,"column":8},"end":{"line":62,"column":15}},"18":{"start":{"line":64,"column":4},"end":{"line":77,"column":5}},"19":{"start":{"line":70,"column":8},"end":{"line":70,"column":14}},"20":{"start":{"line":76,"column":8},"end":{"line":76,"column":14}},"21":{"start":{"line":82,"column":4},"end":{"line":84,"column":9}},"22":{"start":{"line":83,"column":8},"end":{"line":83,"column":15}},"23":{"start":{"line":85,"column":4},"end":{"line":194,"column":5}},"24":{"start":{"line":91,"column":8},"end":{"line":99,"column":10}},"25":{"start":{"line":98,"column":12},"end":{"line":98,"column":35}},"26":{"start":{"line":102,"column":8},"end":{"line":104,"column":63}},"27":{"start":{"line":105,"column":8},"end":{"line":105,"column":14}},"28":{"start":{"line":112,"column":8},"end":{"line":121,"column":10},"skip":true},"29":{"start":{"line":119,"column":12},"end":{"line":119,"column":55},"skip":true},"30":{"start":{"line":120,"column":12},"end":{"line":120,"column":48},"skip":true},"31":{"start":{"line":123,"column":8},"end":{"line":136,"column":10},"skip":true},"32":{"start":{"line":130,"column":12},"end":{"line":130,"column":76},"skip":true},"33":{"start":{"line":131,"column":12},"end":{"line":131,"column":73},"skip":true},"34":{"start":{"line":132,"column":12},"end":{"line":132,"column":74},"skip":true},"35":{"start":{"line":133,"column":12},"end":{"line":133,"column":79},"skip":true},"36":{"start":{"line":134,"column":12},"end":{"line":134,"column":25},"skip":true},"37":{"start":{"line":135,"column":12},"end":{"line":135,"column":45},"skip":true},"38":{"start":{"line":138,"column":8},"end":{"line":145,"column":14},"skip":true},"39":{"start":{"line":143,"column":16},"end":{"line":143,"column":29},"skip":true},"40":{"start":{"line":144,"column":16},"end":{"line":144,"column":55},"skip":true},"41":{"start":{"line":147,"column":8},"end":{"line":156,"column":10},"skip":true},"42":{"start":{"line":154,"column":12},"end":{"line":154,"column":25},"skip":true},"43":{"start":{"line":155,"column":12},"end":{"line":155,"column":45},"skip":true},"44":{"start":{"line":158,"column":8},"end":{"line":167,"column":10},"skip":true},"45":{"start":{"line":165,"column":12},"end":{"line":165,"column":25},"skip":true},"46":{"start":{"line":166,"column":12},"end":{"line":166,"column":48},"skip":true},"47":{"start":{"line":169,"column":8},"end":{"line":178,"column":10},"skip":true},"48":{"start":{"line":176,"column":12},"end":{"line":176,"column":25},"skip":true},"49":{"start":{"line":177,"column":12},"end":{"line":177,"column":46},"skip":true},"50":{"start":{"line":180,"column":8},"end":{"line":189,"column":10},"skip":true},"51":{"start":{"line":187,"column":12},"end":{"line":187,"column":94},"skip":true},"52":{"start":{"line":188,"column":12},"end":{"line":188,"column":48},"skip":true},"53":{"start":{"line":192,"column":8},"end":{"line":192,"column":35},"skip":true},"54":{"start":{"line":193,"column":8},"end":{"line":193,"column":14},"skip":true}},"branchMap":{"1":{"line":25,"type":"binary-expr","locations":[{"start":{"line":25,"column":23},"end":{"line":25,"column":62}},{"start":{"line":26,"column":20},"end":{"line":26,"column":70}},{"start":{"line":27,"column":20},"end":{"line":27,"column":71}},{"start":{"line":28,"column":20},"end":{"line":28,"column":29}}]},"2":{"line":30,"type":"binary-expr","locations":[{"start":{"line":30,"column":23},"end":{"line":30,"column":37}},{"start":{"line":31,"column":20},"end":{"line":31,"column":61}},{"start":{"line":32,"column":20},"end":{"line":32,"column":70}},{"start":{"line":33,"column":20},"end":{"line":33,"column":26}}]},"3":{"line":37,"type":"cond-expr","locations":[{"start":{"line":38,"column":14},"end":{"line":38,"column":20}},{"start":{"line":39,"column":14},"end":{"line":39,"column":20}}]},"4":{"line":40,"type":"switch","locations":[{"start":{"line":42,"column":8},"end":{"line":47,"column":18}},{"start":{"line":49,"column":8},"end":{"line":52,"column":18}}]},"5":{"line":44,"type":"binary-expr","locations":[{"start":{"line":44,"column":16},"end":{"line":44,"column":44}},{"start":{"line":44,"column":48},"end":{"line":44,"column":66}}]},"6":{"line":50,"type":"binary-expr","locations":[{"start":{"line":50,"column":21},"end":{"line":50,"column":49}},{"start":{"line":50,"column":53},"end":{"line":50,"column":72}}]},"7":{"line":64,"type":"switch","locations":[{"start":{"line":69,"column":4},"end":{"line":70,"column":14}},{"start":{"line":75,"column":4},"end":{"line":76,"column":14}}]},"8":{"line":85,"type":"switch","locations":[{"start":{"line":90,"column":4},"end":{"line":105,"column":14}},{"start":{"line":111,"column":4},"end":{"line":193,"column":14},"skip":true}]},"9":{"line":91,"type":"binary-expr","locations":[{"start":{"line":91,"column":42},"end":{"line":91,"column":73}},{"start":{"line":91,"column":77},"end":{"line":99,"column":9}}]},"10":{"line":102,"type":"binary-expr","locations":[{"start":{"line":102,"column":18},"end":{"line":102,"column":32}},{"start":{"line":103,"column":12},"end":{"line":103,"column":53}},{"start":{"line":104,"column":12},"end":{"line":104,"column":61}}]},"11":{"line":112,"type":"binary-expr","locations":[{"start":{"line":112,"column":45},"end":{"line":112,"column":79},"skip":true},{"start":{"line":112,"column":83},"end":{"line":121,"column":9},"skip":true}]},"12":{"line":123,"type":"binary-expr","locations":[{"start":{"line":123,"column":42},"end":{"line":123,"column":73},"skip":true},{"start":{"line":123,"column":77},"end":{"line":136,"column":9},"skip":true}]},"13":{"line":138,"type":"binary-expr","locations":[{"start":{"line":138,"column":48},"end":{"line":138,"column":85},"skip":true},{"start":{"line":139,"column":12},"end":{"line":145,"column":13},"skip":true}]},"14":{"line":147,"type":"binary-expr","locations":[{"start":{"line":147,"column":42},"end":{"line":147,"column":73},"skip":true},{"start":{"line":147,"column":77},"end":{"line":156,"column":9},"skip":true}]},"15":{"line":158,"type":"binary-expr","locations":[{"start":{"line":158,"column":45},"end":{"line":158,"column":79},"skip":true},{"start":{"line":158,"column":83},"end":{"line":167,"column":9},"skip":true}]},"16":{"line":169,"type":"binary-expr","locations":[{"start":{"line":169,"column":43},"end":{"line":169,"column":75},"skip":true},{"start":{"line":169,"column":79},"end":{"line":178,"column":9},"skip":true}]},"17":{"line":180,"type":"binary-expr","locations":[{"start":{"line":180,"column":41},"end":{"line":180,"column":71},"skip":true},{"start":{"line":180,"column":75},"end":{"line":189,"column":9},"skip":true}]}},"code":["/* istanbul instrument in package npmtest_spotify_web_api_node */","/*jslint","    bitwise: true,","    browser: true,","    maxerr: 8,","    maxlen: 96,","    node: true,","    nomen: true,","    regexp: true,","    stupid: true","*/","(function () {","    'use strict';","    var local;","","","","    // run shared js-env code - pre-init","    (function () {","        // init local","        local = {};","        // init modeJs","        local.modeJs = (function () {","            try {","                return typeof navigator.userAgent === 'string' &&","                    typeof document.querySelector('body') === 'object' &&","                    typeof XMLHttpRequest.prototype.open === 'function' &&","                    'browser';","            } catch (errorCaughtBrowser) {","                return module.exports &&","                    typeof process.versions.node === 'string' &&","                    typeof require('http').createServer === 'function' &&","                    'node';","            }","        }());","        // init global","        local.global = local.modeJs === 'browser'","            ? window","            : global;","        switch (local.modeJs) {","        // re-init local from window.local","        case 'browser':","            local = local.global.utility2.objectSetDefault(","                local.global.utility2_rollup || local.global.local,","                local.global.utility2","            );","            break;","        // re-init local from example.js","        case 'node':","            local = (local.global.utility2_rollup || require('utility2'))","                .requireReadme();","            break;","        }","        // export local","        local.global.local = local;","    }());","","","","    // run shared js-env code - function","    (function () {","        return;","    }());","    switch (local.modeJs) {","","","","    // run browser js-env code - function","    case 'browser':","        break;","","","","    // run node js-env code - function","    case 'node':","        break;","    }","","","","    // run shared js-env code - post-init","    (function () {","        return;","    }());","    switch (local.modeJs) {","","","","    // run browser js-env code - post-init","    case 'browser':","        local.testCase_browser_nullCase = local.testCase_browser_nullCase || function (","            options,","            onError","        ) {","        /*","         * this function will test browsers's null-case handling-behavior-behavior","         */","            onError(null, options);","        };","","        // run tests","        local.nop(local.modeTest &&","            document.querySelector('#testRunButton1') &&","            document.querySelector('#testRunButton1').click());","        break;","","","","    // run node js-env code - post-init","    /* istanbul ignore next */","    case 'node':","        local.testCase_buildApidoc_default = local.testCase_buildApidoc_default || function (","            options,","            onError","        ) {","        /*","         * this function will test buildApidoc's default handling-behavior-behavior","         */","            options = { modulePathList: module.paths };","            local.buildApidoc(options, onError);","        };","","        local.testCase_buildApp_default = local.testCase_buildApp_default || function (","            options,","            onError","        ) {","        /*","         * this function will test buildApp's default handling-behavior-behavior","         */","            local.testCase_buildReadme_default(options, local.onErrorThrow);","            local.testCase_buildLib_default(options, local.onErrorThrow);","            local.testCase_buildTest_default(options, local.onErrorThrow);","            local.testCase_buildCustomOrg_default(options, local.onErrorThrow);","            options = [];","            local.buildApp(options, onError);","        };","","        local.testCase_buildCustomOrg_default = local.testCase_buildCustomOrg_default ||","            function (options, onError) {","            /*","             * this function will test buildCustomOrg's default handling-behavior","             */","                options = {};","                local.buildCustomOrg(options, onError);","            };","","        local.testCase_buildLib_default = local.testCase_buildLib_default || function (","            options,","            onError","        ) {","        /*","         * this function will test buildLib's default handling-behavior","         */","            options = {};","            local.buildLib(options, onError);","        };","","        local.testCase_buildReadme_default = local.testCase_buildReadme_default || function (","            options,","            onError","        ) {","        /*","         * this function will test buildReadme's default handling-behavior-behavior","         */","            options = {};","            local.buildReadme(options, onError);","        };","","        local.testCase_buildTest_default = local.testCase_buildTest_default || function (","            options,","            onError","        ) {","        /*","         * this function will test buildTest's default handling-behavior","         */","            options = {};","            local.buildTest(options, onError);","        };","","        local.testCase_webpage_default = local.testCase_webpage_default || function (","            options,","            onError","        ) {","        /*","         * this function will test webpage's default handling-behavior","         */","            options = { modeCoverageMerge: true, url: local.serverLocalHost + '?modeTest=1' };","            local.browserTest(options, onError);","        };","","        // run test-server","        local.testRunServer(local);","        break;","    }","}());",""],"l":{"12":2,"14":2,"19":2,"21":2,"23":2,"24":2,"25":2,"30":1,"37":2,"40":2,"43":1,"47":1,"50":1,"52":1,"55":2,"61":2,"62":2,"64":2,"70":1,"76":1,"82":2,"83":2,"85":2,"91":1,"98":1,"102":1,"105":1,"112":1,"119":1,"120":1,"123":1,"130":1,"131":1,"132":1,"133":1,"134":1,"135":1,"138":1,"143":2,"144":2,"147":1,"154":2,"155":2,"158":1,"165":2,"166":2,"169":1,"176":2,"177":2,"180":1,"187":1,"188":1,"192":1,"193":1}},"/home/travis/build/npmtest/node-npmtest-spotify-web-api-node/lib.npmtest_spotify_web_api_node.js":{"path":"/home/travis/build/npmtest/node-npmtest-spotify-web-api-node/lib.npmtest_spotify_web_api_node.js","s":{"1":2,"2":2,"3":2,"4":2,"5":2,"6":2,"7":2,"8":1,"9":2,"10":2,"11":2,"12":2,"13":1,"14":1,"15":1,"16":1},"b":{"1":[2,1,1,1],"2":[1,1,1,1],"3":[1,1],"4":[2,2],"5":[1,1]},"f":{"1":2,"2":2,"3":2},"fnMap":{"1":{"name":"(anonymous_1)","line":12,"loc":{"start":{"line":12,"column":1},"end":{"line":12,"column":13}}},"2":{"name":"(anonymous_2)","line":19,"loc":{"start":{"line":19,"column":5},"end":{"line":19,"column":17}}},"3":{"name":"(anonymous_3)","line":23,"loc":{"start":{"line":23,"column":24},"end":{"line":23,"column":36}}}},"statementMap":{"1":{"start":{"line":12,"column":0},"end":{"line":53,"column":5}},"2":{"start":{"line":14,"column":4},"end":{"line":14,"column":14}},"3":{"start":{"line":19,"column":4},"end":{"line":52,"column":9}},"4":{"start":{"line":21,"column":8},"end":{"line":21,"column":19}},"5":{"start":{"line":23,"column":8},"end":{"line":35,"column":13}},"6":{"start":{"line":24,"column":12},"end":{"line":34,"column":13}},"7":{"start":{"line":25,"column":16},"end":{"line":28,"column":30}},"8":{"start":{"line":30,"column":16},"end":{"line":33,"column":27}},"9":{"start":{"line":37,"column":8},"end":{"line":39,"column":21}},"10":{"start":{"line":41,"column":8},"end":{"line":41,"column":54}},"11":{"start":{"line":43,"column":8},"end":{"line":43,"column":65}},"12":{"start":{"line":45,"column":8},"end":{"line":51,"column":9}},"13":{"start":{"line":46,"column":12},"end":{"line":46,"column":71}},"14":{"start":{"line":48,"column":12},"end":{"line":48,"column":35}},"15":{"start":{"line":49,"column":12},"end":{"line":49,"column":49}},"16":{"start":{"line":50,"column":12},"end":{"line":50,"column":43}}},"branchMap":{"1":{"line":25,"type":"binary-expr","locations":[{"start":{"line":25,"column":23},"end":{"line":25,"column":62}},{"start":{"line":26,"column":20},"end":{"line":26,"column":70}},{"start":{"line":27,"column":20},"end":{"line":27,"column":71}},{"start":{"line":28,"column":20},"end":{"line":28,"column":29}}]},"2":{"line":30,"type":"binary-expr","locations":[{"start":{"line":30,"column":23},"end":{"line":30,"column":37}},{"start":{"line":31,"column":20},"end":{"line":31,"column":61}},{"start":{"line":32,"column":20},"end":{"line":32,"column":70}},{"start":{"line":33,"column":20},"end":{"line":33,"column":26}}]},"3":{"line":37,"type":"cond-expr","locations":[{"start":{"line":38,"column":14},"end":{"line":38,"column":20}},{"start":{"line":39,"column":14},"end":{"line":39,"column":20}}]},"4":{"line":41,"type":"binary-expr","locations":[{"start":{"line":41,"column":16},"end":{"line":41,"column":44}},{"start":{"line":41,"column":48},"end":{"line":41,"column":53}}]},"5":{"line":45,"type":"if","locations":[{"start":{"line":45,"column":8},"end":{"line":45,"column":8}},{"start":{"line":45,"column":8},"end":{"line":45,"column":8}}]}},"code":["/* istanbul instrument in package npmtest_spotify_web_api_node */","/*jslint","    bitwise: true,","    browser: true,","    maxerr: 8,","    maxlen: 96,","    node: true,","    nomen: true,","    regexp: true,","    stupid: true","*/","(function () {","    'use strict';","    var local;","","","","    // run shared js-env code - pre-init","    (function () {","        // init local","        local = {};","        // init modeJs","        local.modeJs = (function () {","            try {","                return typeof navigator.userAgent === 'string' &&","                    typeof document.querySelector('body') === 'object' &&","                    typeof XMLHttpRequest.prototype.open === 'function' &&","                    'browser';","            } catch (errorCaughtBrowser) {","                return module.exports &&","                    typeof process.versions.node === 'string' &&","                    typeof require('http').createServer === 'function' &&","                    'node';","            }","        }());","        // init global","        local.global = local.modeJs === 'browser'","            ? window","            : global;","        // init utility2_rollup","        local = local.global.utility2_rollup || local;","        // init lib","        local.local = local.npmtest_spotify_web_api_node = local;","        // init exports","        if (local.modeJs === 'browser') {","            local.global.utility2_npmtest_spotify_web_api_node = local;","        } else {","            module.exports = local;","            module.exports.__dirname = __dirname;","            module.exports.module = module;","        }","    }());","}());",""],"l":{"12":2,"14":2,"19":2,"21":2,"23":2,"24":2,"25":2,"30":1,"37":2,"41":2,"43":2,"45":2,"46":1,"48":1,"49":1,"50":1}},"/home/travis/build/npmtest/node-npmtest-spotify-web-api-node/example.js":{"path":"/home/travis/build/npmtest/node-npmtest-spotify-web-api-node/example.js","s":{"1":2,"2":2,"3":2,"4":2,"5":2,"6":2,"7":2,"8":1,"9":2,"10":2,"11":2,"12":2,"13":1,"14":2,"15":2,"16":2,"17":2,"18":2,"19":0,"20":2,"21":1,"22":1,"23":1,"24":1,"25":1,"26":0,"27":0,"28":1,"29":1,"30":2,"31":0,"32":0,"33":0,"34":1,"35":2,"36":2,"37":3,"38":3,"39":3,"40":3,"41":0,"42":3,"43":3,"44":3,"45":1,"46":3,"47":1,"48":1,"49":1,"50":1,"51":1,"52":1,"53":1,"54":1,"55":1,"56":1,"57":0,"58":1,"59":6,"60":6,"61":1,"62":2,"63":0,"64":2,"65":1,"66":1,"67":0,"68":0,"69":0,"70":0,"71":0,"72":0,"73":0,"74":0,"75":0,"76":0,"77":0,"78":0,"79":0,"80":0,"81":0,"82":0,"83":0},"b":{"1":[2,1,1,1],"2":[1,1,1,1],"3":[1,1],"4":[2,2],"5":[1,1],"6":[1,1],"7":[2,0],"8":[2,1,1,1,1,1],"9":[0,2,0],"10":[1,1],"11":[2,1,1],"12":[1,0],"13":[0,2],"14":[2,0,0,0,0,0,0],"15":[0,3],"16":[3,0],"17":[1,1],"18":[0,1],"19":[1,2,0,2],"20":[1,0],"21":[1,1],"22":[0,0],"23":[0,0],"24":[0,0],"25":[0,0],"26":[0,0],"27":[0,0],"28":[0,0]},"f":{"1":2,"2":2,"3":2,"4":2,"5":2,"6":2,"7":3,"8":3,"9":3,"10":1,"11":6,"12":0},"fnMap":{"1":{"name":"(anonymous_1)","line":26,"loc":{"start":{"line":26,"column":1},"end":{"line":26,"column":13}}},"2":{"name":"(anonymous_2)","line":33,"loc":{"start":{"line":33,"column":5},"end":{"line":33,"column":17}}},"3":{"name":"(anonymous_3)","line":37,"loc":{"start":{"line":37,"column":24},"end":{"line":37,"column":36}}},"4":{"name":"(anonymous_4)","line":69,"loc":{"start":{"line":69,"column":31},"end":{"line":69,"column":48}},"skip":true},"5":{"name":"(anonymous_5)","line":78,"loc":{"start":{"line":78,"column":26},"end":{"line":78,"column":45}},"skip":true},"6":{"name":"(anonymous_6)","line":123,"loc":{"start":{"line":123,"column":33},"end":{"line":123,"column":48}},"skip":true},"7":{"name":"(anonymous_7)","line":125,"loc":{"start":{"line":125,"column":27},"end":{"line":125,"column":39}},"skip":true},"8":{"name":"(anonymous_8)","line":133,"loc":{"start":{"line":133,"column":59},"end":{"line":133,"column":74}},"skip":true},"9":{"name":"(anonymous_9)","line":143,"loc":{"start":{"line":143,"column":45},"end":{"line":143,"column":62}},"skip":true},"10":{"name":"(anonymous_10)","line":144,"loc":{"start":{"line":144,"column":73},"end":{"line":144,"column":92}},"skip":true},"11":{"name":"(anonymous_11)","line":272,"loc":{"start":{"line":272,"column":51},"end":{"line":272,"column":77}},"skip":true},"12":{"name":"(anonymous_12)","line":315,"loc":{"start":{"line":315,"column":32},"end":{"line":315,"column":61}},"skip":true}},"statementMap":{"1":{"start":{"line":26,"column":0},"end":{"line":326,"column":5}},"2":{"start":{"line":28,"column":4},"end":{"line":28,"column":14}},"3":{"start":{"line":33,"column":4},"end":{"line":60,"column":9}},"4":{"start":{"line":35,"column":8},"end":{"line":35,"column":19}},"5":{"start":{"line":37,"column":8},"end":{"line":49,"column":13}},"6":{"start":{"line":38,"column":12},"end":{"line":48,"column":13}},"7":{"start":{"line":39,"column":16},"end":{"line":42,"column":30}},"8":{"start":{"line":44,"column":16},"end":{"line":47,"column":27}},"9":{"start":{"line":51,"column":8},"end":{"line":53,"column":21}},"10":{"start":{"line":55,"column":8},"end":{"line":57,"column":45}},"11":{"start":{"line":59,"column":8},"end":{"line":59,"column":35}},"12":{"start":{"line":61,"column":4},"end":{"line":325,"column":5}},"13":{"start":{"line":69,"column":8},"end":{"line":121,"column":10},"skip":true},"14":{"start":{"line":70,"column":12},"end":{"line":88,"column":13},"skip":true},"15":{"start":{"line":76,"column":16},"end":{"line":87,"column":19},"skip":true},"16":{"start":{"line":79,"column":20},"end":{"line":86,"column":21},"skip":true},"17":{"start":{"line":82,"column":24},"end":{"line":82,"column":43},"skip":true},"18":{"start":{"line":83,"column":24},"end":{"line":83,"column":30},"skip":true},"19":{"start":{"line":85,"column":24},"end":{"line":85,"column":49},"skip":true},"20":{"start":{"line":89,"column":12},"end":{"line":107,"column":13},"skip":true},"21":{"start":{"line":92,"column":16},"end":{"line":102,"column":17},"skip":true},"22":{"start":{"line":93,"column":20},"end":{"line":93,"column":86},"skip":true},"23":{"start":{"line":94,"column":20},"end":{"line":95,"column":45},"skip":true},"24":{"start":{"line":96,"column":20},"end":{"line":96,"column":42},"skip":true},"25":{"start":{"line":97,"column":20},"end":{"line":97,"column":48},"skip":true},"26":{"start":{"line":100,"column":20},"end":{"line":100,"column":85},"skip":true},"27":{"start":{"line":101,"column":20},"end":{"line":101,"column":96},"skip":true},"28":{"start":{"line":103,"column":16},"end":{"line":103,"column":22},"skip":true},"29":{"start":{"line":106,"column":16},"end":{"line":106,"column":22},"skip":true},"30":{"start":{"line":108,"column":12},"end":{"line":120,"column":13},"skip":true},"31":{"start":{"line":114,"column":16},"end":{"line":119,"column":17},"skip":true},"32":{"start":{"line":116,"column":20},"end":{"line":116,"column":78},"skip":true},"33":{"start":{"line":118,"column":20},"end":{"line":118,"column":47},"skip":true},"34":{"start":{"line":123,"column":8},"end":{"line":141,"column":11},"skip":true},"35":{"start":{"line":124,"column":12},"end":{"line":124,"column":54},"skip":true},"36":{"start":{"line":125,"column":12},"end":{"line":140,"column":14},"skip":true},"37":{"start":{"line":126,"column":16},"end":{"line":126,"column":28},"skip":true},"38":{"start":{"line":127,"column":16},"end":{"line":127,"column":69},"skip":true},"39":{"start":{"line":128,"column":16},"end":{"line":128,"column":75},"skip":true},"40":{"start":{"line":129,"column":16},"end":{"line":131,"column":17},"skip":true},"41":{"start":{"line":130,"column":20},"end":{"line":130,"column":27},"skip":true},"42":{"start":{"line":133,"column":16},"end":{"line":137,"column":36},"skip":true},"43":{"start":{"line":134,"column":20},"end":{"line":136,"column":55},"skip":true},"44":{"start":{"line":139,"column":16},"end":{"line":139,"column":57},"skip":true},"45":{"start":{"line":143,"column":8},"end":{"line":147,"column":11},"skip":true},"46":{"start":{"line":144,"column":12},"end":{"line":146,"column":15},"skip":true},"47":{"start":{"line":145,"column":16},"end":{"line":145,"column":70},"skip":true},"48":{"start":{"line":149,"column":8},"end":{"line":149,"column":31},"skip":true},"49":{"start":{"line":150,"column":8},"end":{"line":150,"column":14},"skip":true},"50":{"start":{"line":158,"column":8},"end":{"line":158,"column":31},"skip":true},"51":{"start":{"line":160,"column":8},"end":{"line":160,"column":33},"skip":true},"52":{"start":{"line":161,"column":8},"end":{"line":161,"column":37},"skip":true},"53":{"start":{"line":162,"column":8},"end":{"line":162,"column":35},"skip":true},"54":{"start":{"line":164,"column":8},"end":{"line":164,"column":50},"skip":true},"55":{"start":{"line":166,"column":8},"end":{"line":256,"column":2},"skip":true},"56":{"start":{"line":258,"column":8},"end":{"line":286,"column":9},"skip":true},"57":{"start":{"line":259,"column":12},"end":{"line":269,"column":14},"skip":true},"58":{"start":{"line":271,"column":12},"end":{"line":285,"column":19},"skip":true},"59":{"start":{"line":274,"column":20},"end":{"line":274,"column":35},"skip":true},"60":{"start":{"line":275,"column":20},"end":{"line":284,"column":21},"skip":true},"61":{"start":{"line":277,"column":24},"end":{"line":277,"column":64},"skip":true},"62":{"start":{"line":279,"column":24},"end":{"line":279,"column":40},"skip":true},"63":{"start":{"line":281,"column":24},"end":{"line":281,"column":40},"skip":true},"64":{"start":{"line":283,"column":24},"end":{"line":283,"column":39},"skip":true},"65":{"start":{"line":288,"column":8},"end":{"line":290,"column":9},"skip":true},"66":{"start":{"line":289,"column":12},"end":{"line":289,"column":18},"skip":true},"67":{"start":{"line":291,"column":8},"end":{"line":293,"column":54},"skip":true},"68":{"start":{"line":296,"column":8},"end":{"line":301,"column":37},"skip":true},"69":{"start":{"line":303,"column":8},"end":{"line":303,"column":82},"skip":true},"70":{"start":{"line":306,"column":8},"end":{"line":308,"column":9},"skip":true},"71":{"start":{"line":307,"column":12},"end":{"line":307,"column":82},"skip":true},"72":{"start":{"line":310,"column":8},"end":{"line":312,"column":9},"skip":true},"73":{"start":{"line":311,"column":12},"end":{"line":311,"column":18},"skip":true},"74":{"start":{"line":313,"column":8},"end":{"line":313,"column":54},"skip":true},"75":{"start":{"line":314,"column":8},"end":{"line":314,"column":69},"skip":true},"76":{"start":{"line":315,"column":8},"end":{"line":323,"column":36},"skip":true},"77":{"start":{"line":316,"column":12},"end":{"line":316,"column":61},"skip":true},"78":{"start":{"line":317,"column":12},"end":{"line":320,"column":13},"skip":true},"79":{"start":{"line":318,"column":16},"end":{"line":318,"column":75},"skip":true},"80":{"start":{"line":319,"column":16},"end":{"line":319,"column":23},"skip":true},"81":{"start":{"line":321,"column":12},"end":{"line":321,"column":38},"skip":true},"82":{"start":{"line":322,"column":12},"end":{"line":322,"column":27},"skip":true},"83":{"start":{"line":324,"column":8},"end":{"line":324,"column":14},"skip":true}},"branchMap":{"1":{"line":39,"type":"binary-expr","locations":[{"start":{"line":39,"column":23},"end":{"line":39,"column":62}},{"start":{"line":40,"column":20},"end":{"line":40,"column":70}},{"start":{"line":41,"column":20},"end":{"line":41,"column":71}},{"start":{"line":42,"column":20},"end":{"line":42,"column":29}}]},"2":{"line":44,"type":"binary-expr","locations":[{"start":{"line":44,"column":23},"end":{"line":44,"column":37}},{"start":{"line":45,"column":20},"end":{"line":45,"column":61}},{"start":{"line":46,"column":20},"end":{"line":46,"column":70}},{"start":{"line":47,"column":20},"end":{"line":47,"column":26}}]},"3":{"line":51,"type":"cond-expr","locations":[{"start":{"line":52,"column":14},"end":{"line":52,"column":20}},{"start":{"line":53,"column":14},"end":{"line":53,"column":20}}]},"4":{"line":55,"type":"binary-expr","locations":[{"start":{"line":55,"column":16},"end":{"line":55,"column":44}},{"start":{"line":55,"column":49},"end":{"line":57,"column":43}}]},"5":{"line":55,"type":"cond-expr","locations":[{"start":{"line":56,"column":14},"end":{"line":56,"column":64}},{"start":{"line":57,"column":14},"end":{"line":57,"column":43}}]},"6":{"line":61,"type":"switch","locations":[{"start":{"line":68,"column":4},"end":{"line":150,"column":14},"skip":true},{"start":{"line":156,"column":4},"end":{"line":324,"column":14},"skip":true}]},"7":{"line":70,"type":"if","locations":[{"start":{"line":70,"column":12},"end":{"line":70,"column":12},"skip":true},{"start":{"line":70,"column":12},"end":{"line":70,"column":12},"skip":true}]},"8":{"line":70,"type":"binary-expr","locations":[{"start":{"line":70,"column":16},"end":{"line":70,"column":22},"skip":true},{"start":{"line":70,"column":27},"end":{"line":70,"column":32},"skip":true},{"start":{"line":71,"column":20},"end":{"line":71,"column":39},"skip":true},{"start":{"line":72,"column":20},"end":{"line":72,"column":49},"skip":true},{"start":{"line":73,"column":20},"end":{"line":73,"column":58},"skip":true},{"start":{"line":74,"column":20},"end":{"line":74,"column":69},"skip":true}]},"9":{"line":79,"type":"switch","locations":[{"start":{"line":80,"column":20},"end":{"line":80,"column":33},"skip":true},{"start":{"line":81,"column":20},"end":{"line":83,"column":30},"skip":true},{"start":{"line":84,"column":20},"end":{"line":85,"column":49},"skip":true}]},"10":{"line":89,"type":"switch","locations":[{"start":{"line":90,"column":12},"end":{"line":103,"column":22},"skip":true},{"start":{"line":105,"column":12},"end":{"line":106,"column":22},"skip":true}]},"11":{"line":89,"type":"binary-expr","locations":[{"start":{"line":89,"column":20},"end":{"line":89,"column":25},"skip":true},{"start":{"line":89,"column":29},"end":{"line":89,"column":48},"skip":true},{"start":{"line":89,"column":52},"end":{"line":89,"column":74},"skip":true}]},"12":{"line":92,"type":"if","locations":[{"start":{"line":92,"column":16},"end":{"line":92,"column":16},"skip":true},{"start":{"line":92,"column":16},"end":{"line":92,"column":16},"skip":true}]},"13":{"line":108,"type":"if","locations":[{"start":{"line":108,"column":12},"end":{"line":108,"column":12},"skip":true},{"start":{"line":108,"column":12},"end":{"line":108,"column":12},"skip":true}]},"14":{"line":108,"type":"binary-expr","locations":[{"start":{"line":108,"column":16},"end":{"line":108,"column":61},"skip":true},{"start":{"line":108,"column":66},"end":{"line":108,"column":72},"skip":true},{"start":{"line":108,"column":77},"end":{"line":108,"column":82},"skip":true},{"start":{"line":109,"column":20},"end":{"line":109,"column":39},"skip":true},{"start":{"line":110,"column":20},"end":{"line":110,"column":49},"skip":true},{"start":{"line":111,"column":20},"end":{"line":111,"column":58},"skip":true},{"start":{"line":112,"column":20},"end":{"line":112,"column":68},"skip":true}]},"15":{"line":129,"type":"if","locations":[{"start":{"line":129,"column":16},"end":{"line":129,"column":16},"skip":true},{"start":{"line":129,"column":16},"end":{"line":129,"column":16},"skip":true}]},"16":{"line":134,"type":"cond-expr","locations":[{"start":{"line":135,"column":26},"end":{"line":135,"column":29},"skip":true},{"start":{"line":136,"column":26},"end":{"line":136,"column":54},"skip":true}]},"17":{"line":164,"type":"binary-expr","locations":[{"start":{"line":164,"column":27},"end":{"line":164,"column":43},"skip":true},{"start":{"line":164,"column":47},"end":{"line":164,"column":49},"skip":true}]},"18":{"line":258,"type":"if","locations":[{"start":{"line":258,"column":8},"end":{"line":258,"column":8},"skip":true},{"start":{"line":258,"column":8},"end":{"line":258,"column":8},"skip":true}]},"19":{"line":275,"type":"switch","locations":[{"start":{"line":276,"column":20},"end":{"line":277,"column":64},"skip":true},{"start":{"line":278,"column":20},"end":{"line":279,"column":40},"skip":true},{"start":{"line":280,"column":20},"end":{"line":281,"column":40},"skip":true},{"start":{"line":282,"column":20},"end":{"line":283,"column":39},"skip":true}]},"20":{"line":288,"type":"if","locations":[{"start":{"line":288,"column":8},"end":{"line":288,"column":8},"skip":true},{"start":{"line":288,"column":8},"end":{"line":288,"column":8},"skip":true}]},"21":{"line":288,"type":"binary-expr","locations":[{"start":{"line":288,"column":12},"end":{"line":288,"column":40},"skip":true},{"start":{"line":288,"column":44},"end":{"line":288,"column":67},"skip":true}]},"22":{"line":292,"type":"binary-expr","locations":[{"start":{"line":292,"column":12},"end":{"line":292,"column":50},"skip":true},{"start":{"line":293,"column":12},"end":{"line":293,"column":53},"skip":true}]},"23":{"line":297,"type":"binary-expr","locations":[{"start":{"line":297,"column":12},"end":{"line":297,"column":78},"skip":true},{"start":{"line":298,"column":12},"end":{"line":301,"column":36},"skip":true}]},"24":{"line":303,"type":"binary-expr","locations":[{"start":{"line":303,"column":43},"end":{"line":303,"column":75},"skip":true},{"start":{"line":303,"column":79},"end":{"line":303,"column":81},"skip":true}]},"25":{"line":306,"type":"if","locations":[{"start":{"line":306,"column":8},"end":{"line":306,"column":8},"skip":true},{"start":{"line":306,"column":8},"end":{"line":306,"column":8},"skip":true}]},"26":{"line":310,"type":"if","locations":[{"start":{"line":310,"column":8},"end":{"line":310,"column":8},"skip":true},{"start":{"line":310,"column":8},"end":{"line":310,"column":8},"skip":true}]},"27":{"line":313,"type":"binary-expr","locations":[{"start":{"line":313,"column":27},"end":{"line":313,"column":43},"skip":true},{"start":{"line":313,"column":47},"end":{"line":313,"column":53},"skip":true}]},"28":{"line":317,"type":"if","locations":[{"start":{"line":317,"column":12},"end":{"line":317,"column":12},"skip":true},{"start":{"line":317,"column":12},"end":{"line":317,"column":12},"skip":true}]}},"code":["/*","example.js","","quickstart example","","instruction","    1. save this script as example.js","    2. run the shell command:","        $ npm install npmtest-spotify-web-api-node && PORT=8081 node example.js","    3. play with the browser-demo on http://127.0.0.1:8081","*/","","","","/* istanbul instrument in package npmtest_spotify_web_api_node */","/*jslint","    bitwise: true,","    browser: true,","    maxerr: 8,","    maxlen: 96,","    node: true,","    nomen: true,","    regexp: true,","    stupid: true","*/","(function () {","    'use strict';","    var local;","","","","    // run shared js-env code - pre-init","    (function () {","        // init local","        local = {};","        // init modeJs","        local.modeJs = (function () {","            try {","                return typeof navigator.userAgent === 'string' &&","                    typeof document.querySelector('body') === 'object' &&","                    typeof XMLHttpRequest.prototype.open === 'function' &&","                    'browser';","            } catch (errorCaughtBrowser) {","                return module.exports &&","                    typeof process.versions.node === 'string' &&","                    typeof require('http').createServer === 'function' &&","                    'node';","            }","        }());","        // init global","        local.global = local.modeJs === 'browser'","            ? window","            : global;","        // init utility2_rollup","        local = local.global.utility2_rollup || (local.modeJs === 'browser'","            ? local.global.utility2_npmtest_spotify_web_api_node","            : global.utility2_moduleExports);","        // export local","        local.global.local = local;","    }());","    switch (local.modeJs) {","","","","    // post-init","    // run browser js-env code - post-init","    /* istanbul ignore next */","    case 'browser':","        local.testRunBrowser = function (event) {","            if (!event || (event &&","                    event.currentTarget &&","                    event.currentTarget.className &&","                    event.currentTarget.className.includes &&","                    event.currentTarget.className.includes('onreset'))) {","                // reset output","                Array.from(","                    document.querySelectorAll('body > .resettable')","                ).forEach(function (element) {","                    switch (element.tagName) {","                    case 'INPUT':","                    case 'TEXTAREA':","                        element.value = '';","                        break;","                    default:","                        element.textContent = '';","                    }","                });","            }","            switch (event && event.currentTarget && event.currentTarget.id) {","            case 'testRunButton1':","                // show tests","                if (document.querySelector('#testReportDiv1').style.display === 'none') {","                    document.querySelector('#testReportDiv1').style.display = 'block';","                    document.querySelector('#testRunButton1').textContent =","                        'hide internal test';","                    local.modeTest = true;","                    local.testRunDefault(local);","                // hide tests","                } else {","                    document.querySelector('#testReportDiv1').style.display = 'none';","                    document.querySelector('#testRunButton1').textContent = 'run internal test';","                }","                break;","            // custom-case","            default:","                break;","            }","            if (document.querySelector('#inputTextareaEval1') && (!event || (event &&","                    event.currentTarget &&","                    event.currentTarget.className &&","                    event.currentTarget.className.includes &&","                    event.currentTarget.className.includes('oneval')))) {","                // try to eval input-code","                try {","                    /*jslint evil: true*/","                    eval(document.querySelector('#inputTextareaEval1').value);","                } catch (errorCaught) {","                    console.error(errorCaught);","                }","            }","        };","        // log stderr and stdout to #outputTextareaStdout1","        ['error', 'log'].forEach(function (key) {","            console[key + '_original'] = console[key];","            console[key] = function () {","                var element;","                console[key + '_original'].apply(console, arguments);","                element = document.querySelector('#outputTextareaStdout1');","                if (!element) {","                    return;","                }","                // append text to #outputTextareaStdout1","                element.value += Array.from(arguments).map(function (arg) {","                    return typeof arg === 'string'","                        ? arg","                        : JSON.stringify(arg, null, 4);","                }).join(' ') + '\\n';","                // scroll textarea to bottom","                element.scrollTop = element.scrollHeight;","            };","        });","        // init event-handling","        ['change', 'click', 'keyup'].forEach(function (event) {","            Array.from(document.querySelectorAll('.on' + event)).forEach(function (element) {","                element.addEventListener(event, local.testRunBrowser);","            });","        });","        // run tests","        local.testRunBrowser();","        break;","","","","    // run node js-env code - post-init","    /* istanbul ignore next */","    case 'node':","        // export local","        module.exports = local;","        // require modules","        local.fs = require('fs');","        local.http = require('http');","        local.url = require('url');","        // init assets","        local.assetsDict = local.assetsDict || {};","        /* jslint-ignore-begin */","        local.assetsDict['/assets.index.template.html'] = '\\","<!doctype html>\\n\\","<html lang=\"en\">\\n\\","<head>\\n\\","<meta charset=\"UTF-8\">\\n\\","<meta name=\"viewport\" content=\"width=device-width, initial-scale=1\">\\n\\","<title>{{env.npm_package_name}} (v{{env.npm_package_version}})</title>\\n\\","<style>\\n\\","/*csslint\\n\\","    box-sizing: false,\\n\\","    universal-selector: false\\n\\","*/\\n\\","* {\\n\\","    box-sizing: border-box;\\n\\","}\\n\\","body {\\n\\","    background: #dde;\\n\\","    font-family: Arial, Helvetica, sans-serif;\\n\\","    margin: 2rem;\\n\\","}\\n\\","body > * {\\n\\","    margin-bottom: 1rem;\\n\\","}\\n\\",".utility2FooterDiv {\\n\\","    margin-top: 20px;\\n\\","    text-align: center;\\n\\","}\\n\\","</style>\\n\\","<style>\\n\\","/*csslint\\n\\","*/\\n\\","textarea {\\n\\","    font-family: monospace;\\n\\","    height: 10rem;\\n\\","    width: 100%;\\n\\","}\\n\\","textarea[readonly] {\\n\\","    background: #ddd;\\n\\","}\\n\\","</style>\\n\\","</head>\\n\\","<body>\\n\\","<!-- utility2-comment\\n\\","<div id=\"ajaxProgressDiv1\" style=\"background: #d00; height: 2px; left: 0; margin: 0; padding: 0; position: fixed; top: 0; transition: background 0.5s, width 1.5s; width: 25%;\"></div>\\n\\","utility2-comment -->\\n\\","<h1>\\n\\","<!-- utility2-comment\\n\\","    <a\\n\\","        {{#if env.npm_package_homepage}}\\n\\","        href=\"{{env.npm_package_homepage}}\"\\n\\","        {{/if env.npm_package_homepage}}\\n\\","        target=\"_blank\"\\n\\","    >\\n\\","utility2-comment -->\\n\\","        {{env.npm_package_name}} (v{{env.npm_package_version}})\\n\\","<!-- utility2-comment\\n\\","    </a>\\n\\","utility2-comment -->\\n\\","</h1>\\n\\","<h3>{{env.npm_package_description}}</h3>\\n\\","<!-- utility2-comment\\n\\","<h4><a download href=\"assets.app.js\">download standalone app</a></h4>\\n\\","<button class=\"onclick onreset\" id=\"testRunButton1\">run internal test</button><br>\\n\\","<div id=\"testReportDiv1\" style=\"display: none;\"></div>\\n\\","utility2-comment -->\\n\\","\\n\\","\\n\\","\\n\\","<label>stderr and stdout</label>\\n\\","<textarea class=\"resettable\" id=\"outputTextareaStdout1\" readonly></textarea>\\n\\","<!-- utility2-comment\\n\\","{{#if isRollup}}\\n\\","<script src=\"assets.app.js\"></script>\\n\\","{{#unless isRollup}}\\n\\","utility2-comment -->\\n\\","<script src=\"assets.utility2.rollup.js\"></script>\\n\\","<script src=\"jsonp.utility2._stateInit?callback=window.utility2._stateInit\"></script>\\n\\","<script src=\"assets.npmtest_spotify_web_api_node.rollup.js\"></script>\\n\\","<script src=\"assets.example.js\"></script>\\n\\","<script src=\"assets.test.js\"></script>\\n\\","<!-- utility2-comment\\n\\","{{/if isRollup}}\\n\\","utility2-comment -->\\n\\","<div class=\"utility2FooterDiv\">\\n\\","    [ this app was created with\\n\\","    <a href=\"https://github.com/kaizhu256/node-utility2\" target=\"_blank\">utility2</a>\\n\\","    ]\\n\\","</div>\\n\\","</body>\\n\\","</html>\\n\\","';","        /* jslint-ignore-end */","        if (local.templateRender) {","            local.assetsDict['/'] = local.templateRender(","                local.assetsDict['/assets.index.template.html'],","                {","                    env: local.objectSetDefault(local.env, {","                        npm_package_description: 'the greatest app in the world!',","                        npm_package_name: 'my-app',","                        npm_package_nameAlias: 'my_app',","                        npm_package_version: '0.0.1'","                    })","                }","            );","        } else {","            local.assetsDict['/'] = local.assetsDict['/assets.index.template.html']","                .replace((/\\{\\{env\\.(\\w+?)\\}\\}/g), function (match0, match1) {","                    // jslint-hack","                    String(match0);","                    switch (match1) {","                    case 'npm_package_description':","                        return 'the greatest app in the world!';","                    case 'npm_package_name':","                        return 'my-app';","                    case 'npm_package_nameAlias':","                        return 'my_app';","                    case 'npm_package_version':","                        return '0.0.1';","                    }","                });","        }","        // run the cli","        if (local.global.utility2_rollup || module !== require.main) {","            break;","        }","        local.assetsDict['/assets.example.js'] =","            local.assetsDict['/assets.example.js'] ||","            local.fs.readFileSync(__filename, 'utf8');","        // bug-workaround - long $npm_package_buildCustomOrg","        /* jslint-ignore-begin */","        local.assetsDict['/assets.npmtest_spotify_web_api_node.rollup.js'] =","            local.assetsDict['/assets.npmtest_spotify_web_api_node.rollup.js'] ||","            local.fs.readFileSync(","                local.npmtest_spotify_web_api_node.__dirname + '/lib.npmtest_spotify_web_api_node.js',","                'utf8'","            ).replace((/^#!/), '//');","        /* jslint-ignore-end */","        local.assetsDict['/favicon.ico'] = local.assetsDict['/favicon.ico'] || '';","        // if $npm_config_timeout_exit exists,","        // then exit this process after $npm_config_timeout_exit ms","        if (Number(process.env.npm_config_timeout_exit)) {","            setTimeout(process.exit, Number(process.env.npm_config_timeout_exit));","        }","        // start server","        if (local.global.utility2_serverHttp1) {","            break;","        }","        process.env.PORT = process.env.PORT || '8081';","        console.error('server starting on port ' + process.env.PORT);","        local.http.createServer(function (request, response) {","            request.urlParsed = local.url.parse(request.url);","            if (local.assetsDict[request.urlParsed.pathname] !== undefined) {","                response.end(local.assetsDict[request.urlParsed.pathname]);","                return;","            }","            response.statusCode = 404;","            response.end();","        }).listen(process.env.PORT);","        break;","    }","}());",""],"l":{"26":2,"28":2,"33":2,"35":2,"37":2,"38":2,"39":2,"44":1,"51":2,"55":2,"59":2,"61":2,"69":1,"70":2,"76":2,"79":2,"82":2,"83":2,"85":1,"89":2,"92":1,"93":1,"94":1,"96":1,"97":1,"100":1,"101":1,"103":1,"106":1,"108":2,"114":1,"116":1,"118":1,"123":1,"124":2,"125":2,"126":3,"127":3,"128":3,"129":3,"130":1,"133":3,"134":3,"139":3,"143":1,"144":3,"145":1,"149":1,"150":1,"158":1,"160":1,"161":1,"162":1,"164":1,"166":1,"258":1,"259":1,"271":1,"274":6,"275":6,"277":1,"279":2,"281":1,"283":2,"288":1,"289":1,"291":1,"296":1,"303":1,"306":1,"307":1,"310":1,"311":1,"313":1,"314":1,"315":1,"316":1,"317":1,"318":1,"319":1,"321":1,"322":1,"324":1}},"/home/travis/build/npmtest/node-npmtest-spotify-web-api-node/node_modules/spotify-web-api-node/src/server.js":{"path":"/home/travis/build/npmtest/node-npmtest-spotify-web-api-node/node_modules/spotify-web-api-node/src/server.js","s":{"1":1,"2":1,"3":1,"4":1},"b":{},"f":{},"fnMap":{},"statementMap":{"1":{"start":{"line":1,"column":0},"end":{"line":1,"column":49}},"2":{"start":{"line":2,"column":0},"end":{"line":2,"column":48}},"3":{"start":{"line":3,"column":0},"end":{"line":3,"column":41}},"4":{"start":{"line":4,"column":0},"end":{"line":4,"column":31}}},"branchMap":{},"code":["var SpotifyWebApi = require('./spotify-web-api');","var ServerMethods = require('./server-methods');","SpotifyWebApi._addMethods(ServerMethods);","module.exports = SpotifyWebApi;",""],"l":{"1":1,"2":1,"3":1,"4":1}},"/home/travis/build/npmtest/node-npmtest-spotify-web-api-node/node_modules/spotify-web-api-node/src/spotify-web-api.js":{"path":"/home/travis/build/npmtest/node-npmtest-spotify-web-api-node/node_modules/spotify-web-api-node/src/spotify-web-api.js","s":{"1":1,"2":1,"3":0,"4":1,"5":0,"6":0,"7":0,"8":0,"9":0,"10":0,"11":0,"12":0,"13":0,"14":0,"15":0,"16":0,"17":0,"18":0,"19":0,"20":0,"21":0,"22":0,"23":0,"24":0,"25":0,"26":0,"27":0,"28":0,"29":0,"30":0,"31":0,"32":0,"33":0,"34":0,"35":0,"36":0,"37":0,"38":0,"39":0,"40":0,"41":0,"42":0,"43":0,"44":0,"45":0,"46":0,"47":0,"48":0,"49":0,"50":0,"51":0,"52":0,"53":0,"54":0,"55":0,"56":0,"57":0,"58":0,"59":0,"60":0,"61":0,"62":0,"63":0,"64":0,"65":0,"66":0,"67":0,"68":0,"69":0,"70":0,"71":0,"72":0,"73":0,"74":0,"75":0,"76":0,"77":0,"78":0,"79":0,"80":0,"81":0,"82":0,"83":0,"84":0,"85":0,"86":0,"87":0,"88":0,"89":0,"90":0,"91":0,"92":0,"93":0,"94":0,"95":0,"96":0,"97":0,"98":0,"99":0,"100":0,"101":0,"102":0,"103":0,"104":0,"105":0,"106":0,"107":0,"108":0,"109":0,"110":0,"111":0,"112":0,"113":0,"114":0,"115":0,"116":0,"117":0,"118":0,"119":0,"120":0,"121":0,"122":0,"123":0,"124":0,"125":0,"126":0,"127":0,"128":0,"129":0,"130":0,"131":0,"132":0,"133":0,"134":0,"135":0,"136":0,"137":0,"138":0,"139":0,"140":0,"141":0,"142":0,"143":0,"144":0,"145":0,"146":0,"147":0,"148":0,"149":0,"150":0,"151":0,"152":0,"153":0,"154":0,"155":0,"156":0,"157":0,"158":0,"159":0,"160":0,"161":0,"162":0,"163":0,"164":0,"165":0,"166":0,"167":0,"168":0,"169":0,"170":0,"171":0,"172":0,"173":0,"174":0,"175":0,"176":0,"177":0,"178":0,"179":0,"180":0,"181":0,"182":0,"183":0,"184":0,"185":0,"186":0,"187":0,"188":0,"189":0,"190":0,"191":0,"192":0,"193":0,"194":0,"195":0,"196":0,"197":0,"198":0,"199":0,"200":0,"201":0,"202":0,"203":0,"204":0,"205":0,"206":0,"207":0,"208":0,"209":0,"210":0,"211":0,"212":0,"213":0,"214":0,"215":0,"216":0,"217":0,"218":0,"219":0,"220":0,"221":0,"222":0,"223":0,"224":0,"225":0,"226":0,"227":0,"228":0,"229":0,"230":0,"231":0,"232":0,"233":0,"234":0,"235":0,"236":0,"237":0,"238":0,"239":0,"240":0,"241":0,"242":0,"243":0,"244":0,"245":0,"246":0,"247":0,"248":0,"249":0,"250":0,"251":0,"252":0,"253":0,"254":0,"255":0,"256":0,"257":0,"258":0,"259":0,"260":0,"261":0,"262":0,"263":0,"264":0,"265":0,"266":0,"267":0,"268":0,"269":0,"270":0,"271":0,"272":0,"273":0,"274":0,"275":0,"276":0,"277":0,"278":0,"279":0,"280":0,"281":0,"282":0,"283":0,"284":0,"285":0,"286":0,"287":0,"288":0,"289":0,"290":0,"291":0,"292":0,"293":0,"294":0,"295":0,"296":0,"297":0,"298":0,"299":0,"300":0,"301":0,"302":0,"303":0,"304":0,"305":0,"306":0,"307":0,"308":0,"309":0,"310":0,"311":0,"312":0,"313":0,"314":0,"315":0,"316":0,"317":0,"318":0,"319":0,"320":0,"321":0,"322":0,"323":0,"324":0,"325":0,"326":0,"327":0,"328":0,"329":0,"330":0,"331":0,"332":0,"333":0,"334":0,"335":0,"336":0,"337":0,"338":0,"339":0,"340":0,"341":0,"342":0,"343":0,"344":0,"345":0,"346":0,"347":0,"348":0,"349":0,"350":0,"351":0,"352":0,"353":0,"354":0,"355":0,"356":0,"357":0,"358":0,"359":0,"360":0,"361":0,"362":0,"363":0,"364":0,"365":0,"366":0,"367":0,"368":0,"369":0,"370":0,"371":0,"372":0,"373":0,"374":0,"375":0,"376":0,"377":0,"378":0,"379":0,"380":0,"381":0,"382":0,"383":0,"384":0,"385":0,"386":0,"387":0,"388":0,"389":0,"390":0,"391":0,"392":0,"393":0,"394":0,"395":0,"396":0,"397":0,"398":0,"399":0,"400":0,"401":0,"402":0,"403":0,"404":0,"405":0,"406":0,"407":0,"408":0,"409":0,"410":0,"411":0,"412":0,"413":0,"414":0,"415":0,"416":0,"417":0,"418":0,"419":0,"420":0,"421":0,"422":0,"423":0,"424":0,"425":0,"426":0,"427":0,"428":0,"429":0,"430":0,"431":0,"432":0,"433":0,"434":0,"435":0,"436":0,"437":0,"438":0,"439":0,"440":0,"441":0,"442":0,"443":0,"444":0,"445":0,"446":0,"447":0,"448":0,"449":0,"450":0,"451":0,"452":0,"453":0,"454":0,"455":0,"456":0,"457":0,"458":0,"459":0,"460":0,"461":0,"462":0,"463":0,"464":0,"465":0,"466":0,"467":0,"468":0,"469":0,"470":0,"471":0,"472":0,"473":0,"474":0,"475":0,"476":0,"477":0,"478":0,"479":0,"480":0,"481":0,"482":0,"483":0,"484":0,"485":0,"486":0,"487":0,"488":0,"489":0,"490":0,"491":0,"492":0,"493":0,"494":0,"495":0,"496":0,"497":0,"498":0,"499":0,"500":0,"501":0,"502":0,"503":0,"504":0,"505":0,"506":0,"507":0,"508":0,"509":0,"510":0,"511":0,"512":0,"513":0,"514":0,"515":0,"516":0,"517":0,"518":0,"519":0,"520":0,"521":0,"522":0,"523":0,"524":0,"525":0,"526":0,"527":0,"528":0,"529":0,"530":0,"531":0,"532":0,"533":0,"534":0,"535":0,"536":0,"537":0,"538":0,"539":0,"540":0,"541":0,"542":0,"543":0,"544":0,"545":0,"546":0,"547":0,"548":0,"549":1,"550":1,"551":3,"552":3,"553":1},"b":{"1":[0,0],"2":[0,0],"3":[0,0],"4":[0,0],"5":[0,0],"6":[0,0],"7":[0,0],"8":[0,0],"9":[0,0],"10":[0,0],"11":[0,0],"12":[0,0],"13":[0,0],"14":[0,0],"15":[0,0],"16":[0,0],"17":[0,0],"18":[0,0],"19":[0,0],"20":[0,0],"21":[0,0],"22":[0,0],"23":[0,0],"24":[0,0],"25":[0,0],"26":[0,0],"27":[0,0],"28":[0,0],"29":[0,0],"30":[0,0],"31":[0,0],"32":[0,0],"33":[0,0],"34":[0,0],"35":[0,0],"36":[0,0],"37":[0,0],"38":[0,0],"39":[0,0],"40":[0,0],"41":[0,0],"42":[0,0],"43":[0,0],"44":[0,0],"45":[0,0],"46":[0,0],"47":[0,0],"48":[0,0],"49":[0,0],"50":[0,0],"51":[0,0],"52":[0,0],"53":[0,0],"54":[0,0],"55":[0,0],"56":[0,0],"57":[0,0],"58":[0,0],"59":[0,0],"60":[0,0],"61":[0,0],"62":[0,0],"63":[0,0],"64":[0,0],"65":[0,0],"66":[0,0],"67":[0,0],"68":[0,0],"69":[0,0],"70":[0,0],"71":[0,0],"72":[0,0],"73":[0,0],"74":[0,0],"75":[0,0],"76":[0,0],"77":[0,0],"78":[0,0],"79":[0,0],"80":[3,0]},"f":{"1":0,"2":0,"3":0,"4":0,"5":0,"6":0,"7":0,"8":0,"9":0,"10":0,"11":0,"12":0,"13":0,"14":0,"15":0,"16":0,"17":0,"18":0,"19":0,"20":0,"21":0,"22":0,"23":0,"24":0,"25":0,"26":0,"27":0,"28":0,"29":0,"30":0,"31":0,"32":0,"33":0,"34":0,"35":0,"36":0,"37":0,"38":0,"39":0,"40":0,"41":0,"42":0,"43":0,"44":0,"45":0,"46":0,"47":0,"48":0,"49":0,"50":0,"51":0,"52":0,"53":0,"54":0,"55":0,"56":0,"57":0,"58":0,"59":0,"60":0,"61":0,"62":0,"63":0,"64":0,"65":0,"66":0,"67":0,"68":0,"69":0,"70":0,"71":0,"72":0,"73":0,"74":0,"75":0,"76":0,"77":0,"78":0,"79":0,"80":0,"81":0,"82":0,"83":0,"84":0,"85":0,"86":0,"87":0,"88":0,"89":0,"90":0,"91":0,"92":0,"93":0,"94":0,"95":0,"96":0,"97":0,"98":0,"99":0,"100":0,"101":0,"102":0,"103":0,"104":0,"105":0,"106":0,"107":0,"108":0,"109":0,"110":0,"111":0,"112":0,"113":0,"114":0,"115":0,"116":0,"117":0,"118":0,"119":0,"120":0,"121":0,"122":0,"123":0,"124":0,"125":0,"126":0,"127":0,"128":0,"129":0,"130":0,"131":0,"132":0,"133":0,"134":0,"135":0,"136":0,"137":0,"138":0,"139":0,"140":0,"141":0,"142":0,"143":0,"144":0,"145":0,"146":0,"147":0,"148":0,"149":0,"150":0,"151":0,"152":0,"153":0,"154":0,"155":0,"156":0,"157":0,"158":0,"159":0,"160":0,"161":0,"162":0,"163":0,"164":0,"165":0,"166":0,"167":0,"168":0,"169":0,"170":0,"171":0,"172":0,"173":0,"174":0,"175":0,"176":0,"177":0,"178":0,"179":0,"180":0,"181":0,"182":0,"183":0,"184":0,"185":0,"186":0,"187":0,"188":0,"189":0,"190":0,"191":0,"192":0,"193":0,"194":0,"195":0,"196":0,"197":0,"198":1},"fnMap":{"1":{"name":"SpotifyWebApi","line":7,"loc":{"start":{"line":7,"column":0},"end":{"line":7,"column":36}}},"2":{"name":"(anonymous_2)","line":12,"loc":{"start":{"line":12,"column":22},"end":{"line":12,"column":49}}},"3":{"name":"(anonymous_3)","line":22,"loc":{"start":{"line":22,"column":23},"end":{"line":22,"column":50}}},"4":{"name":"(anonymous_4)","line":33,"loc":{"start":{"line":33,"column":19},"end":{"line":33,"column":45}}},"5":{"name":"(anonymous_5)","line":34,"loc":{"start":{"line":34,"column":26},"end":{"line":34,"column":52}}},"6":{"name":"(anonymous_6)","line":35,"loc":{"start":{"line":35,"column":22},"end":{"line":35,"column":46}}},"7":{"name":"(anonymous_7)","line":46,"loc":{"start":{"line":46,"column":19},"end":{"line":46,"column":50}}},"8":{"name":"(anonymous_8)","line":54,"loc":{"start":{"line":54,"column":18},"end":{"line":54,"column":40}}},"9":{"name":"(anonymous_9)","line":62,"loc":{"start":{"line":62,"column":18},"end":{"line":62,"column":29}}},"10":{"name":"(anonymous_10)","line":66,"loc":{"start":{"line":66,"column":20},"end":{"line":66,"column":31}}},"11":{"name":"(anonymous_11)","line":70,"loc":{"start":{"line":70,"column":15},"end":{"line":70,"column":34}}},"12":{"name":"(anonymous_12)","line":74,"loc":{"start":{"line":74,"column":19},"end":{"line":74,"column":42}}},"13":{"name":"(anonymous_13)","line":78,"loc":{"start":{"line":78,"column":18},"end":{"line":78,"column":40}}},"14":{"name":"(anonymous_14)","line":82,"loc":{"start":{"line":82,"column":19},"end":{"line":82,"column":42}}},"15":{"name":"(anonymous_15)","line":86,"loc":{"start":{"line":86,"column":18},"end":{"line":86,"column":40}}},"16":{"name":"(anonymous_16)","line":90,"loc":{"start":{"line":90,"column":18},"end":{"line":90,"column":29}}},"17":{"name":"(anonymous_17)","line":94,"loc":{"start":{"line":94,"column":15},"end":{"line":94,"column":26}}},"18":{"name":"(anonymous_18)","line":98,"loc":{"start":{"line":98,"column":19},"end":{"line":98,"column":30}}},"19":{"name":"(anonymous_19)","line":102,"loc":{"start":{"line":102,"column":18},"end":{"line":102,"column":29}}},"20":{"name":"(anonymous_20)","line":106,"loc":{"start":{"line":106,"column":19},"end":{"line":106,"column":30}}},"21":{"name":"(anonymous_21)","line":110,"loc":{"start":{"line":110,"column":17},"end":{"line":110,"column":28}}},"22":{"name":"(anonymous_22)","line":114,"loc":{"start":{"line":114,"column":21},"end":{"line":114,"column":32}}},"23":{"name":"(anonymous_23)","line":118,"loc":{"start":{"line":118,"column":20},"end":{"line":118,"column":31}}},"24":{"name":"(anonymous_24)","line":122,"loc":{"start":{"line":122,"column":21},"end":{"line":122,"column":32}}},"25":{"name":"(anonymous_25)","line":126,"loc":{"start":{"line":126,"column":20},"end":{"line":126,"column":31}}},"26":{"name":"(anonymous_26)","line":130,"loc":{"start":{"line":130,"column":18},"end":{"line":130,"column":49}}},"27":{"name":"(anonymous_27)","line":135,"loc":{"start":{"line":135,"column":18},"end":{"line":135,"column":42}}},"28":{"name":"(anonymous_28)","line":143,"loc":{"start":{"line":143,"column":20},"end":{"line":143,"column":44}}},"29":{"name":"(anonymous_29)","line":160,"loc":{"start":{"line":160,"column":12},"end":{"line":160,"column":49}}},"30":{"name":"(anonymous_30)","line":171,"loc":{"start":{"line":171,"column":35},"end":{"line":171,"column":49}}},"31":{"name":"(anonymous_31)","line":186,"loc":{"start":{"line":186,"column":19},"end":{"line":186,"column":34}}},"32":{"name":"(anonymous_32)","line":188,"loc":{"start":{"line":188,"column":9},"end":{"line":188,"column":23}}},"33":{"name":"(anonymous_33)","line":205,"loc":{"start":{"line":205,"column":13},"end":{"line":205,"column":51}}},"34":{"name":"(anonymous_34)","line":216,"loc":{"start":{"line":216,"column":35},"end":{"line":216,"column":49}}},"35":{"name":"(anonymous_35)","line":234,"loc":{"start":{"line":234,"column":19},"end":{"line":234,"column":34}}},"36":{"name":"(anonymous_36)","line":236,"loc":{"start":{"line":236,"column":9},"end":{"line":236,"column":23}}},"37":{"name":"(anonymous_37)","line":253,"loc":{"start":{"line":253,"column":12},"end":{"line":253,"column":49}}},"38":{"name":"(anonymous_38)","line":264,"loc":{"start":{"line":264,"column":35},"end":{"line":264,"column":49}}},"39":{"name":"(anonymous_39)","line":279,"loc":{"start":{"line":279,"column":19},"end":{"line":279,"column":34}}},"40":{"name":"(anonymous_40)","line":281,"loc":{"start":{"line":281,"column":9},"end":{"line":281,"column":23}}},"41":{"name":"(anonymous_41)","line":298,"loc":{"start":{"line":298,"column":13},"end":{"line":298,"column":51}}},"42":{"name":"(anonymous_42)","line":309,"loc":{"start":{"line":309,"column":35},"end":{"line":309,"column":49}}},"43":{"name":"(anonymous_43)","line":327,"loc":{"start":{"line":327,"column":19},"end":{"line":327,"column":34}}},"44":{"name":"(anonymous_44)","line":329,"loc":{"start":{"line":329,"column":9},"end":{"line":329,"column":23}}},"45":{"name":"(anonymous_45)","line":345,"loc":{"start":{"line":345,"column":13},"end":{"line":345,"column":42}}},"46":{"name":"(anonymous_46)","line":355,"loc":{"start":{"line":355,"column":19},"end":{"line":355,"column":34}}},"47":{"name":"(anonymous_47)","line":357,"loc":{"start":{"line":357,"column":9},"end":{"line":357,"column":23}}},"48":{"name":"(anonymous_48)","line":373,"loc":{"start":{"line":373,"column":14},"end":{"line":373,"column":44}}},"49":{"name":"(anonymous_49)","line":386,"loc":{"start":{"line":386,"column":19},"end":{"line":386,"column":34}}},"50":{"name":"(anonymous_50)","line":388,"loc":{"start":{"line":388,"column":9},"end":{"line":388,"column":23}}},"51":{"name":"(anonymous_51)","line":408,"loc":{"start":{"line":408,"column":10},"end":{"line":408,"column":52}}},"52":{"name":"(anonymous_52)","line":423,"loc":{"start":{"line":423,"column":19},"end":{"line":423,"column":34}}},"53":{"name":"(anonymous_53)","line":425,"loc":{"start":{"line":425,"column":9},"end":{"line":425,"column":23}}},"54":{"name":"(anonymous_54)","line":443,"loc":{"start":{"line":443,"column":16},"end":{"line":443,"column":51}}},"55":{"name":"(anonymous_55)","line":457,"loc":{"start":{"line":457,"column":17},"end":{"line":457,"column":52}}},"56":{"name":"(anonymous_56)","line":471,"loc":{"start":{"line":471,"column":16},"end":{"line":471,"column":51}}},"57":{"name":"(anonymous_57)","line":485,"loc":{"start":{"line":485,"column":19},"end":{"line":485,"column":54}}},"58":{"name":"(anonymous_58)","line":499,"loc":{"start":{"line":499,"column":19},"end":{"line":499,"column":57}}},"59":{"name":"(anonymous_59)","line":510,"loc":{"start":{"line":510,"column":19},"end":{"line":510,"column":34}}},"60":{"name":"(anonymous_60)","line":512,"loc":{"start":{"line":512,"column":9},"end":{"line":512,"column":23}}},"61":{"name":"(anonymous_61)","line":530,"loc":{"start":{"line":530,"column":18},"end":{"line":530,"column":55}}},"62":{"name":"(anonymous_62)","line":541,"loc":{"start":{"line":541,"column":19},"end":{"line":541,"column":34}}},"63":{"name":"(anonymous_63)","line":543,"loc":{"start":{"line":543,"column":9},"end":{"line":543,"column":23}}},"64":{"name":"(anonymous_64)","line":561,"loc":{"start":{"line":561,"column":22},"end":{"line":561,"column":60}}},"65":{"name":"(anonymous_65)","line":574,"loc":{"start":{"line":574,"column":19},"end":{"line":574,"column":34}}},"66":{"name":"(anonymous_66)","line":576,"loc":{"start":{"line":576,"column":9},"end":{"line":576,"column":23}}},"67":{"name":"(anonymous_67)","line":592,"loc":{"start":{"line":592,"column":27},"end":{"line":592,"column":56}}},"68":{"name":"(anonymous_68)","line":602,"loc":{"start":{"line":602,"column":19},"end":{"line":602,"column":34}}},"69":{"name":"(anonymous_69)","line":604,"loc":{"start":{"line":604,"column":9},"end":{"line":604,"column":23}}},"70":{"name":"(anonymous_70)","line":621,"loc":{"start":{"line":621,"column":11},"end":{"line":621,"column":38}}},"71":{"name":"(anonymous_71)","line":631,"loc":{"start":{"line":631,"column":19},"end":{"line":631,"column":34}}},"72":{"name":"(anonymous_72)","line":633,"loc":{"start":{"line":633,"column":9},"end":{"line":633,"column":23}}},"73":{"name":"(anonymous_73)","line":650,"loc":{"start":{"line":650,"column":9},"end":{"line":650,"column":28}}},"74":{"name":"(anonymous_74)","line":660,"loc":{"start":{"line":660,"column":19},"end":{"line":660,"column":34}}},"75":{"name":"(anonymous_75)","line":662,"loc":{"start":{"line":662,"column":9},"end":{"line":662,"column":23}}},"76":{"name":"(anonymous_76)","line":681,"loc":{"start":{"line":681,"column":20},"end":{"line":681,"column":56}}},"77":{"name":"(anonymous_77)","line":699,"loc":{"start":{"line":699,"column":19},"end":{"line":699,"column":34}}},"78":{"name":"(anonymous_78)","line":701,"loc":{"start":{"line":701,"column":9},"end":{"line":701,"column":23}}},"79":{"name":"(anonymous_79)","line":719,"loc":{"start":{"line":719,"column":15},"end":{"line":719,"column":63}}},"80":{"name":"(anonymous_80)","line":730,"loc":{"start":{"line":730,"column":19},"end":{"line":730,"column":34}}},"81":{"name":"(anonymous_81)","line":732,"loc":{"start":{"line":732,"column":9},"end":{"line":732,"column":23}}},"82":{"name":"(anonymous_82)","line":750,"loc":{"start":{"line":750,"column":21},"end":{"line":750,"column":69}}},"83":{"name":"(anonymous_83)","line":761,"loc":{"start":{"line":761,"column":19},"end":{"line":761,"column":34}}},"84":{"name":"(anonymous_84)","line":763,"loc":{"start":{"line":763,"column":9},"end":{"line":763,"column":23}}},"85":{"name":"(anonymous_85)","line":781,"loc":{"start":{"line":781,"column":18},"end":{"line":781,"column":68}}},"86":{"name":"(anonymous_86)","line":792,"loc":{"start":{"line":792,"column":35},"end":{"line":792,"column":49}}},"87":{"name":"(anonymous_87)","line":808,"loc":{"start":{"line":808,"column":19},"end":{"line":808,"column":34}}},"88":{"name":"(anonymous_88)","line":810,"loc":{"start":{"line":810,"column":9},"end":{"line":810,"column":23}}},"89":{"name":"(anonymous_89)","line":827,"loc":{"start":{"line":827,"column":18},"end":{"line":827,"column":66}}},"90":{"name":"(anonymous_90)","line":839,"loc":{"start":{"line":839,"column":19},"end":{"line":839,"column":34}}},"91":{"name":"(anonymous_91)","line":841,"loc":{"start":{"line":841,"column":9},"end":{"line":841,"column":23}}},"92":{"name":"(anonymous_92)","line":858,"loc":{"start":{"line":858,"column":20},"end":{"line":858,"column":59}}},"93":{"name":"(anonymous_93)","line":869,"loc":{"start":{"line":869,"column":19},"end":{"line":869,"column":34}}},"94":{"name":"(anonymous_94)","line":871,"loc":{"start":{"line":871,"column":9},"end":{"line":871,"column":23}}},"95":{"name":"(anonymous_95)","line":889,"loc":{"start":{"line":889,"column":25},"end":{"line":889,"column":73}}},"96":{"name":"(anonymous_96)","line":901,"loc":{"start":{"line":901,"column":19},"end":{"line":901,"column":34}}},"97":{"name":"(anonymous_97)","line":903,"loc":{"start":{"line":903,"column":9},"end":{"line":903,"column":23}}},"98":{"name":"(anonymous_98)","line":923,"loc":{"start":{"line":923,"column":23},"end":{"line":923,"column":79}}},"99":{"name":"(anonymous_99)","line":944,"loc":{"start":{"line":944,"column":19},"end":{"line":944,"column":34}}},"100":{"name":"(anonymous_100)","line":946,"loc":{"start":{"line":946,"column":9},"end":{"line":946,"column":23}}},"101":{"name":"(anonymous_101)","line":965,"loc":{"start":{"line":965,"column":28},"end":{"line":965,"column":84}}},"102":{"name":"(anonymous_102)","line":980,"loc":{"start":{"line":980,"column":19},"end":{"line":980,"column":34}}},"103":{"name":"(anonymous_103)","line":982,"loc":{"start":{"line":982,"column":9},"end":{"line":982,"column":23}}},"104":{"name":"(anonymous_104)","line":1000,"loc":{"start":{"line":1000,"column":38},"end":{"line":1000,"column":100}}},"105":{"name":"(anonymous_105)","line":1015,"loc":{"start":{"line":1015,"column":19},"end":{"line":1015,"column":34}}},"106":{"name":"(anonymous_106)","line":1017,"loc":{"start":{"line":1017,"column":9},"end":{"line":1017,"column":23}}},"107":{"name":"(anonymous_107)","line":1034,"loc":{"start":{"line":1034,"column":27},"end":{"line":1034,"column":72}}},"108":{"name":"(anonymous_108)","line":1048,"loc":{"start":{"line":1048,"column":19},"end":{"line":1048,"column":34}}},"109":{"name":"(anonymous_109)","line":1050,"loc":{"start":{"line":1050,"column":9},"end":{"line":1050,"column":23}}},"110":{"name":"(anonymous_110)","line":1069,"loc":{"start":{"line":1069,"column":27},"end":{"line":1069,"column":101}}},"111":{"name":"(anonymous_111)","line":1085,"loc":{"start":{"line":1085,"column":19},"end":{"line":1085,"column":34}}},"112":{"name":"(anonymous_112)","line":1087,"loc":{"start":{"line":1087,"column":9},"end":{"line":1087,"column":23}}},"113":{"name":"(anonymous_113)","line":1104,"loc":{"start":{"line":1104,"column":28},"end":{"line":1104,"column":56}}},"114":{"name":"(anonymous_114)","line":1114,"loc":{"start":{"line":1114,"column":19},"end":{"line":1114,"column":34}}},"115":{"name":"(anonymous_115)","line":1116,"loc":{"start":{"line":1116,"column":9},"end":{"line":1116,"column":23}}},"116":{"name":"(anonymous_116)","line":1133,"loc":{"start":{"line":1133,"column":28},"end":{"line":1133,"column":56}}},"117":{"name":"(anonymous_117)","line":1143,"loc":{"start":{"line":1143,"column":19},"end":{"line":1143,"column":34}}},"118":{"name":"(anonymous_118)","line":1145,"loc":{"start":{"line":1145,"column":9},"end":{"line":1145,"column":23}}},"119":{"name":"(anonymous_119)","line":1162,"loc":{"start":{"line":1162,"column":29},"end":{"line":1162,"column":58}}},"120":{"name":"(anonymous_120)","line":1175,"loc":{"start":{"line":1175,"column":19},"end":{"line":1175,"column":34}}},"121":{"name":"(anonymous_121)","line":1177,"loc":{"start":{"line":1177,"column":9},"end":{"line":1177,"column":23}}},"122":{"name":"(anonymous_122)","line":1193,"loc":{"start":{"line":1193,"column":22},"end":{"line":1193,"column":50}}},"123":{"name":"(anonymous_123)","line":1217,"loc":{"start":{"line":1217,"column":19},"end":{"line":1217,"column":34}}},"124":{"name":"(anonymous_124)","line":1219,"loc":{"start":{"line":1219,"column":9},"end":{"line":1219,"column":23}}},"125":{"name":"(anonymous_125)","line":1235,"loc":{"start":{"line":1235,"column":26},"end":{"line":1235,"column":45}}},"126":{"name":"(anonymous_126)","line":1245,"loc":{"start":{"line":1245,"column":19},"end":{"line":1245,"column":34}}},"127":{"name":"(anonymous_127)","line":1247,"loc":{"start":{"line":1247,"column":9},"end":{"line":1247,"column":23}}},"128":{"name":"(anonymous_128)","line":1261,"loc":{"start":{"line":1261,"column":22},"end":{"line":1261,"column":46}}},"129":{"name":"(anonymous_129)","line":1283,"loc":{"start":{"line":1283,"column":20},"end":{"line":1283,"column":48}}},"130":{"name":"(anonymous_130)","line":1294,"loc":{"start":{"line":1294,"column":19},"end":{"line":1294,"column":34}}},"131":{"name":"(anonymous_131)","line":1296,"loc":{"start":{"line":1296,"column":9},"end":{"line":1296,"column":23}}},"132":{"name":"(anonymous_132)","line":1313,"loc":{"start":{"line":1313,"column":25},"end":{"line":1313,"column":54}}},"133":{"name":"(anonymous_133)","line":1326,"loc":{"start":{"line":1326,"column":19},"end":{"line":1326,"column":34}}},"134":{"name":"(anonymous_134)","line":1328,"loc":{"start":{"line":1328,"column":9},"end":{"line":1328,"column":23}}},"135":{"name":"(anonymous_135)","line":1343,"loc":{"start":{"line":1343,"column":27},"end":{"line":1343,"column":56}}},"136":{"name":"(anonymous_136)","line":1355,"loc":{"start":{"line":1355,"column":19},"end":{"line":1355,"column":34}}},"137":{"name":"(anonymous_137)","line":1357,"loc":{"start":{"line":1357,"column":9},"end":{"line":1357,"column":23}}},"138":{"name":"(anonymous_138)","line":1371,"loc":{"start":{"line":1371,"column":22},"end":{"line":1371,"column":51}}},"139":{"name":"(anonymous_139)","line":1383,"loc":{"start":{"line":1383,"column":19},"end":{"line":1383,"column":34}}},"140":{"name":"(anonymous_140)","line":1385,"loc":{"start":{"line":1385,"column":9},"end":{"line":1385,"column":23}}},"141":{"name":"(anonymous_141)","line":1400,"loc":{"start":{"line":1400,"column":27},"end":{"line":1400,"column":56}}},"142":{"name":"(anonymous_142)","line":1412,"loc":{"start":{"line":1412,"column":19},"end":{"line":1412,"column":34}}},"143":{"name":"(anonymous_143)","line":1414,"loc":{"start":{"line":1414,"column":9},"end":{"line":1414,"column":23}}},"144":{"name":"(anonymous_144)","line":1428,"loc":{"start":{"line":1428,"column":22},"end":{"line":1428,"column":51}}},"145":{"name":"(anonymous_145)","line":1440,"loc":{"start":{"line":1440,"column":19},"end":{"line":1440,"column":34}}},"146":{"name":"(anonymous_146)","line":1442,"loc":{"start":{"line":1442,"column":9},"end":{"line":1442,"column":23}}},"147":{"name":"(anonymous_147)","line":1457,"loc":{"start":{"line":1457,"column":20},"end":{"line":1457,"column":48}}},"148":{"name":"(anonymous_148)","line":1468,"loc":{"start":{"line":1468,"column":19},"end":{"line":1468,"column":34}}},"149":{"name":"(anonymous_149)","line":1470,"loc":{"start":{"line":1470,"column":9},"end":{"line":1470,"column":23}}},"150":{"name":"(anonymous_150)","line":1487,"loc":{"start":{"line":1487,"column":25},"end":{"line":1487,"column":54}}},"151":{"name":"(anonymous_151)","line":1500,"loc":{"start":{"line":1500,"column":19},"end":{"line":1500,"column":34}}},"152":{"name":"(anonymous_152)","line":1502,"loc":{"start":{"line":1502,"column":9},"end":{"line":1502,"column":23}}},"153":{"name":"(anonymous_153)","line":1517,"loc":{"start":{"line":1517,"column":19},"end":{"line":1517,"column":47}}},"154":{"name":"(anonymous_154)","line":1528,"loc":{"start":{"line":1528,"column":19},"end":{"line":1528,"column":34}}},"155":{"name":"(anonymous_155)","line":1530,"loc":{"start":{"line":1530,"column":9},"end":{"line":1530,"column":23}}},"156":{"name":"(anonymous_156)","line":1545,"loc":{"start":{"line":1545,"column":18},"end":{"line":1545,"column":46}}},"157":{"name":"(anonymous_157)","line":1556,"loc":{"start":{"line":1556,"column":19},"end":{"line":1556,"column":34}}},"158":{"name":"(anonymous_158)","line":1558,"loc":{"start":{"line":1558,"column":9},"end":{"line":1558,"column":23}}},"159":{"name":"(anonymous_159)","line":1574,"loc":{"start":{"line":1574,"column":15},"end":{"line":1574,"column":43}}},"160":{"name":"(anonymous_160)","line":1588,"loc":{"start":{"line":1588,"column":19},"end":{"line":1588,"column":34}}},"161":{"name":"(anonymous_161)","line":1590,"loc":{"start":{"line":1590,"column":9},"end":{"line":1590,"column":23}}},"162":{"name":"(anonymous_162)","line":1606,"loc":{"start":{"line":1606,"column":17},"end":{"line":1606,"column":47}}},"163":{"name":"(anonymous_163)","line":1620,"loc":{"start":{"line":1620,"column":19},"end":{"line":1620,"column":34}}},"164":{"name":"(anonymous_164)","line":1622,"loc":{"start":{"line":1622,"column":9},"end":{"line":1622,"column":23}}},"165":{"name":"(anonymous_165)","line":1638,"loc":{"start":{"line":1638,"column":17},"end":{"line":1638,"column":45}}},"166":{"name":"(anonymous_166)","line":1652,"loc":{"start":{"line":1652,"column":19},"end":{"line":1652,"column":34}}},"167":{"name":"(anonymous_167)","line":1654,"loc":{"start":{"line":1654,"column":9},"end":{"line":1654,"column":23}}},"168":{"name":"(anonymous_168)","line":1670,"loc":{"start":{"line":1670,"column":19},"end":{"line":1670,"column":49}}},"169":{"name":"(anonymous_169)","line":1684,"loc":{"start":{"line":1684,"column":19},"end":{"line":1684,"column":34}}},"170":{"name":"(anonymous_170)","line":1686,"loc":{"start":{"line":1686,"column":9},"end":{"line":1686,"column":23}}},"171":{"name":"(anonymous_171)","line":1704,"loc":{"start":{"line":1704,"column":20},"end":{"line":1704,"column":48}}},"172":{"name":"(anonymous_172)","line":1718,"loc":{"start":{"line":1718,"column":19},"end":{"line":1718,"column":34}}},"173":{"name":"(anonymous_173)","line":1720,"loc":{"start":{"line":1720,"column":9},"end":{"line":1720,"column":23}}},"174":{"name":"(anonymous_174)","line":1735,"loc":{"start":{"line":1735,"column":22},"end":{"line":1735,"column":50}}},"175":{"name":"(anonymous_175)","line":1750,"loc":{"start":{"line":1750,"column":19},"end":{"line":1750,"column":34}}},"176":{"name":"(anonymous_176)","line":1752,"loc":{"start":{"line":1752,"column":9},"end":{"line":1752,"column":23}}},"177":{"name":"(anonymous_177)","line":1769,"loc":{"start":{"line":1769,"column":24},"end":{"line":1769,"column":76}}},"178":{"name":"(anonymous_178)","line":1782,"loc":{"start":{"line":1782,"column":19},"end":{"line":1782,"column":34}}},"179":{"name":"(anonymous_179)","line":1784,"loc":{"start":{"line":1784,"column":9},"end":{"line":1784,"column":23}}},"180":{"name":"(anonymous_180)","line":1802,"loc":{"start":{"line":1802,"column":22},"end":{"line":1802,"column":52}}},"181":{"name":"(anonymous_181)","line":1816,"loc":{"start":{"line":1816,"column":19},"end":{"line":1816,"column":34}}},"182":{"name":"(anonymous_182)","line":1818,"loc":{"start":{"line":1818,"column":9},"end":{"line":1818,"column":23}}},"183":{"name":"(anonymous_183)","line":1833,"loc":{"start":{"line":1833,"column":18},"end":{"line":1833,"column":46}}},"184":{"name":"(anonymous_184)","line":1845,"loc":{"start":{"line":1845,"column":19},"end":{"line":1845,"column":34}}},"185":{"name":"(anonymous_185)","line":1847,"loc":{"start":{"line":1847,"column":9},"end":{"line":1847,"column":23}}},"186":{"name":"(anonymous_186)","line":1862,"loc":{"start":{"line":1862,"column":24},"end":{"line":1862,"column":52}}},"187":{"name":"(anonymous_187)","line":1874,"loc":{"start":{"line":1874,"column":19},"end":{"line":1874,"column":34}}},"188":{"name":"(anonymous_188)","line":1876,"loc":{"start":{"line":1876,"column":9},"end":{"line":1876,"column":23}}},"189":{"name":"(anonymous_189)","line":1891,"loc":{"start":{"line":1891,"column":17},"end":{"line":1891,"column":45}}},"190":{"name":"(anonymous_190)","line":1902,"loc":{"start":{"line":1902,"column":19},"end":{"line":1902,"column":34}}},"191":{"name":"(anonymous_191
[...]
ine":35,"column":71}},"18":{"start":{"line":36,"column":9},"end":{"line":49,"column":3}},"19":{"start":{"line":39,"column":4},"end":{"line":39,"column":79}},"20":{"start":{"line":41,"column":9},"end":{"line":49,"column":3}},"21":{"start":{"line":43,"column":4},"end":{"line":48,"column":5}},"22":{"start":{"line":44,"column":6},"end":{"line":44,"column":40}},"23":{"start":{"line":45,"column":6},"end":{"line":45,"column":89}},"24":{"start":{"line":51,"column":2},"end":{"line":54,"column":3}},"25":{"start":{"line":53,"column":4},"end":{"line":53,"column":79}},"26":{"start":{"line":56,"column":2},"end":{"line":56,"column":21}},"27":{"start":{"line":60,"column":0},"end":{"line":92,"column":2}},"28":{"start":{"line":61,"column":2},"end":{"line":61,"column":24}},"29":{"start":{"line":63,"column":2},"end":{"line":65,"column":3}},"30":{"start":{"line":64,"column":4},"end":{"line":64,"column":29}},"31":{"start":{"line":67,"column":2},"end":{"line":72,"column":3}},"32":{"start":{"line":68,"column":4},"end":{"line":68,"column":21}},"33":{"start":{"line":69,"column":4},"end":{"line":69,"column":27}},"34":{"start":{"line":70,"column":9},"end":{"line":72,"column":3}},"35":{"start":{"line":71,"column":4},"end":{"line":71,"column":27}},"36":{"start":{"line":74,"column":2},"end":{"line":76,"column":3}},"37":{"start":{"line":75,"column":4},"end":{"line":75,"column":29}},"38":{"start":{"line":78,"column":2},"end":{"line":91,"column":5}},"39":{"start":{"line":79,"column":4},"end":{"line":84,"column":5}},"40":{"start":{"line":80,"column":6},"end":{"line":82,"column":9}},"41":{"start":{"line":83,"column":6},"end":{"line":83,"column":35}},"42":{"start":{"line":86,"column":4},"end":{"line":90,"column":7}},"43":{"start":{"line":99,"column":0},"end":{"line":104,"column":2}},"44":{"start":{"line":100,"column":2},"end":{"line":100,"column":51}},"45":{"start":{"line":101,"column":2},"end":{"line":101,"column":30}},"46":{"start":{"line":103,"column":2},"end":{"line":103,"column":72}},"47":{"start":{"line":111,"column":0},"end":{"line":117,"column":2}},"48":{"start":{"line":113,"column":2},"end":{"line":113,"column":51}},"49":{"start":{"line":114,"column":2},"end":{"line":114,"column":31}},"50":{"start":{"line":116,"column":2},"end":{"line":116,"column":72}},"51":{"start":{"line":124,"column":0},"end":{"line":130,"column":2}},"52":{"start":{"line":126,"column":2},"end":{"line":126,"column":51}},"53":{"start":{"line":127,"column":2},"end":{"line":127,"column":30}},"54":{"start":{"line":129,"column":2},"end":{"line":129,"column":72}},"55":{"start":{"line":137,"column":0},"end":{"line":143,"column":2}},"56":{"start":{"line":139,"column":2},"end":{"line":139,"column":51}},"57":{"start":{"line":140,"column":2},"end":{"line":140,"column":30}},"58":{"start":{"line":142,"column":2},"end":{"line":142,"column":72}},"59":{"start":{"line":145,"column":0},"end":{"line":145,"column":29}}},"branchMap":{"1":{"line":13,"type":"if","locations":[{"start":{"line":13,"column":2},"end":{"line":13,"column":2}},{"start":{"line":13,"column":2},"end":{"line":13,"column":2}}]},"2":{"line":17,"type":"if","locations":[{"start":{"line":17,"column":2},"end":{"line":17,"column":2}},{"start":{"line":17,"column":2},"end":{"line":17,"column":2}}]},"3":{"line":17,"type":"binary-expr","locations":[{"start":{"line":17,"column":6},"end":{"line":17,"column":26}},{"start":{"line":18,"column":6},"end":{"line":18,"column":65}}]},"4":{"line":20,"type":"if","locations":[{"start":{"line":20,"column":9},"end":{"line":20,"column":9}},{"start":{"line":20,"column":9},"end":{"line":20,"column":9}}]},"5":{"line":24,"type":"if","locations":[{"start":{"line":24,"column":2},"end":{"line":24,"column":2}},{"start":{"line":24,"column":2},"end":{"line":24,"column":2}}]},"6":{"line":33,"type":"if","locations":[{"start":{"line":33,"column":2},"end":{"line":33,"column":2}},{"start":{"line":33,"column":2},"end":{"line":33,"column":2}}]},"7":{"line":33,"type":"binary-expr","locations":[{"start":{"line":33,"column":6},"end":{"line":33,"column":35}},{"start":{"line":33,"column":39},"end":{"line":33,"column":76}}]},"8":{"line":36,"type":"if","locations":[{"start":{"line":36,"column":9},"end":{"line":36,"column":9}},{"start":{"line":36,"column":9},"end":{"line":36,"column":9}}]},"9":{"line":41,"type":"if","locations":[{"start":{"line":41,"column":9},"end":{"line":41,"column":9}},{"start":{"line":41,"column":9},"end":{"line":41,"column":9}}]},"10":{"line":51,"type":"if","locations":[{"start":{"line":51,"column":2},"end":{"line":51,"column":2}},{"start":{"line":51,"column":2},"end":{"line":51,"column":2}}]},"11":{"line":63,"type":"if","locations":[{"start":{"line":63,"column":2},"end":{"line":63,"column":2}},{"start":{"line":63,"column":2},"end":{"line":63,"column":2}}]},"12":{"line":67,"type":"if","locations":[{"start":{"line":67,"column":2},"end":{"line":67,"column":2}},{"start":{"line":67,"column":2},"end":{"line":67,"column":2}}]},"13":{"line":67,"type":"binary-expr","locations":[{"start":{"line":67,"column":6},"end":{"line":67,"column":18}},{"start":{"line":67,"column":23},"end":{"line":67,"column":39}},{"start":{"line":67,"column":43},"end":{"line":67,"column":97}}]},"14":{"line":70,"type":"if","locations":[{"start":{"line":70,"column":9},"end":{"line":70,"column":9}},{"start":{"line":70,"column":9},"end":{"line":70,"column":9}}]},"15":{"line":74,"type":"if","locations":[{"start":{"line":74,"column":2},"end":{"line":74,"column":2}},{"start":{"line":74,"column":2},"end":{"line":74,"column":2}}]},"16":{"line":79,"type":"if","locations":[{"start":{"line":79,"column":4},"end":{"line":79,"column":4}},{"start":{"line":79,"column":4},"end":{"line":79,"column":4}}]}},"code":["'use strict';","","var superagent = require('superagent'),","    WebApiError = require('./webapi-error');","","var HttpManager = {};","","/* Create superagent options from the base request */","var _getParametersFromRequest = function(request) {","","  var options = {};","","  if (request.getQueryParameters()) {","    options.query = request.getQueryParameters();","  }","","  if (request.getHeaders() &&","      request.getHeaders()['Content-Type'] === 'application/json') {","    options.data = JSON.stringify(request.getBodyParameters());","  } else if (request.getBodyParameters()) {","    options.data = request.getBodyParameters();","  }","","  if (request.getHeaders()) {","    options.headers = request.getHeaders();","  }","  return options;","};","","/* Create an error object from an error returned from the Web API */","var _getErrorObject = function(defaultMessage, err) {","  var errorObject;","  if (typeof err.error === 'object' && typeof err.error.message === 'string') {","    // Web API Error format","    errorObject = new WebApiError(err.error.message, err.error.status);","  } else if (typeof err.error === 'string') {","    // Authorization Error format","    /* jshint ignore:start */","    errorObject = new WebApiError(err.error + ': ' + err['error_description']);","    /* jshint ignore:end */","  } else if (typeof err === 'string') {","    // Serialized JSON error","    try {","      var parsedError = JSON.parse(err);","      errorObject = new WebApiError(parsedError.error.message, parsedError.error.status);","    } catch (err) {","      // Error not JSON formatted","    }","  }","","  if(!errorObject) {","    // Unexpected format","    errorObject = new WebApiError(defaultMessage + ': ' + JSON.stringify(err));","  }","","  return errorObject;","};","","/* Make the request to the Web API */","HttpManager._makeRequest = function(method, options, uri, callback) {","  var req = method(uri);","","  if (options.query) {","    req.query(options.query);","  }","","  if (options.data && (!options.headers || options.headers['Content-Type'] !== 'application/json')) {","    req.type('form');","    req.send(options.data);","  } else if (options.data) {","    req.send(options.data);","  }","","  if (options.headers) {","    req.set(options.headers);","  }","","  req.end(function (err, response) {","    if (err) {","      var errorObject = _getErrorObject('Request error', {","        error: err","      });","      return callback(errorObject);","    }","","    return callback(null, {","      body: response.body,","      headers: response.headers,","      statusCode: response.statusCode","    });","  });","};","","/**"," * Make a HTTP GET request."," * @param {BaseRequest} The request."," * @param {Function} The callback function."," */","HttpManager.get = function(request, callback) {","  var options = _getParametersFromRequest(request);","  var method = superagent.get;","","  HttpManager._makeRequest(method, options, request.getURI(), callback);","};","","/**"," * Make a HTTP POST request."," * @param {BaseRequest} The request."," * @param {Function} The callback function."," */","HttpManager.post = function(request, callback) {","","  var options = _getParametersFromRequest(request);","  var method = superagent.post;","","  HttpManager._makeRequest(method, options, request.getURI(), callback);","};","","/**"," * Make a HTTP DELETE request."," * @param {BaseRequest} The request."," * @param {Function} The callback function."," */","HttpManager.del = function(request, callback) {","","  var options = _getParametersFromRequest(request);","  var method = superagent.del;","","  HttpManager._makeRequest(method, options, request.getURI(), callback);","};","","/**"," * Make a HTTP PUT request."," * @param {BaseRequest} The request."," * @param {Function} The callback function."," */","HttpManager.put = function(request, callback) {","","  var options = _getParametersFromRequest(request);","  var method = superagent.put;","","  HttpManager._makeRequest(method, options, request.getURI(), callback);","};","","module.exports = HttpManager;",""],"l":{"3":1,"6":1,"9":1,"11":0,"13":0,"14":0,"17":0,"19":0,"20":0,"21":0,"24":0,"25":0,"27":0,"31":1,"32":0,"33":0,"35":0,"36":0,"39":0,"41":0,"43":0,"44":0,"45":0,"51":0,"53":0,"56":0,"60":1,"61":0,"63":0,"64":0,"67":0,"68":0,"69":0,"70":0,"71":0,"74":0,"75":0,"78":0,"79":0,"80":0,"83":0,"86":0,"99":1,"100":0,"101":0,"103":0,"111":1,"113":0,"114":0,"116":0,"124":1,"126":0,"127":0,"129":0,"137":1,"139":0,"140":0,"142":0,"145":1}},"/home/travis/build/npmtest/node-npmtest-spotify-web-api-node/node_modules/spotify-web-api-node/src/webapi-error.js":{"path":"/home/travis/build/npmtest/node-npmtest-spotify-web-api-node/node_modules/spotify-web-api-node/src/webapi-error.js","s":{"1":1,"2":0,"3":0,"4":0,"5":1,"6":1},"b":{"1":[0,0]},"f":{"1":0},"fnMap":{"1":{"name":"WebapiError","line":3,"loc":{"start":{"line":3,"column":0},"end":{"line":3,"column":42}}}},"statementMap":{"1":{"start":{"line":3,"column":0},"end":{"line":7,"column":1}},"2":{"start":{"line":4,"column":2},"end":{"line":4,"column":28}},"3":{"start":{"line":5,"column":2},"end":{"line":5,"column":33}},"4":{"start":{"line":6,"column":2},"end":{"line":6,"column":31}},"5":{"start":{"line":9,"column":0},"end":{"line":9,"column":40}},"6":{"start":{"line":11,"column":0},"end":{"line":11,"column":29}}},"branchMap":{"1":{"line":5,"type":"binary-expr","locations":[{"start":{"line":5,"column":18},"end":{"line":5,"column":25}},{"start":{"line":5,"column":29},"end":{"line":5,"column":31}}]}},"code":["'use strict';","","function WebapiError(message, statusCode) {","  this.name = 'WebapiError';","  this.message = (message || '');","  this.statusCode = statusCode;","}","","WebapiError.prototype = Error.prototype;","","module.exports = WebapiError;"],"l":{"3":1,"4":0,"5":0,"6":0,"9":1,"11":1}},"/home/travis/build/npmtest/node-npmtest-spotify-web-api-node/node_modules/spotify-web-api-node/src/server-methods.js":{"path":"/home/travis/build/npmtest/node-npmtest-spotify-web-api-node/node_modules/spotify-web-api-node/src/server-methods.js","s":{"1":1,"2":1,"3":1,"4":0,"5":0,"6":0,"7":0,"8":0,"9":0,"10":0,"11":0,"12":0,"13":0,"14":0,"15":0,"16":0,"17":0,"18":0,"19":0,"20":0,"21":0,"22":0,"23":0,"24":0,"25":0},"b":{"1":[0,0],"2":[0,0],"3":[0,0]},"f":{"1":0,"2":0,"3":0,"4":0,"5":0,"6":0,"7":0,"8":0,"9":0},"fnMap":{"1":{"name":"(anonymous_1)","line":15,"loc":{"start":{"line":15,"column":26},"end":{"line":15,"column":54}}},"2":{"name":"(anonymous_2)","line":31,"loc":{"start":{"line":31,"column":19},"end":{"line":31,"column":34}}},"3":{"name":"(anonymous_3)","line":33,"loc":{"start":{"line":33,"column":9},"end":{"line":33,"column":23}}},"4":{"name":"(anonymous_4)","line":50,"loc":{"start":{"line":50,"column":26},"end":{"line":50,"column":51}}},"5":{"name":"(anonymous_5)","line":65,"loc":{"start":{"line":65,"column":19},"end":{"line":65,"column":34}}},"6":{"name":"(anonymous_6)","line":67,"loc":{"start":{"line":67,"column":9},"end":{"line":67,"column":23}}},"7":{"name":"(anonymous_7)","line":83,"loc":{"start":{"line":83,"column":22},"end":{"line":83,"column":41}}},"8":{"name":"(anonymous_8)","line":98,"loc":{"start":{"line":98,"column":19},"end":{"line":98,"column":34}}},"9":{"name":"(anonymous_9)","line":100,"loc":{"start":{"line":100,"column":9},"end":{"line":100,"column":23}}}},"statementMap":{"1":{"start":{"line":3,"column":0},"end":{"line":3,"column":64}},"2":{"start":{"line":4,"column":0},"end":{"line":4,"column":44}},"3":{"start":{"line":6,"column":0},"end":{"line":107,"column":2}},"4":{"start":{"line":16,"column":4},"end":{"line":24,"column":15}},"5":{"start":{"line":26,"column":4},"end":{"line":26,"column":46}},"6":{"start":{"line":28,"column":4},"end":{"line":28,"column":67}},"7":{"start":{"line":30,"column":4},"end":{"line":38,"column":5}},"8":{"start":{"line":31,"column":6},"end":{"line":35,"column":9}},"9":{"start":{"line":32,"column":8},"end":{"line":32,"column":29}},"10":{"start":{"line":34,"column":8},"end":{"line":34,"column":22}},"11":{"start":{"line":37,"column":6},"end":{"line":37,"column":21}},"12":{"start":{"line":51,"column":4},"end":{"line":60,"column":15}},"13":{"start":{"line":62,"column":4},"end":{"line":62,"column":66}},"14":{"start":{"line":64,"column":4},"end":{"line":72,"column":5}},"15":{"start":{"line":65,"column":6},"end":{"line":69,"column":9}},"16":{"start":{"line":66,"column":8},"end":{"line":66,"column":29}},"17":{"start":{"line":68,"column":8},"end":{"line":68,"column":22}},"18":{"start":{"line":71,"column":6},"end":{"line":71,"column":21}},"19":{"start":{"line":84,"column":4},"end":{"line":93,"column":15}},"20":{"start":{"line":95,"column":4},"end":{"line":95,"column":66}},"21":{"start":{"line":97,"column":4},"end":{"line":105,"column":5}},"22":{"start":{"line":98,"column":6},"end":{"line":102,"column":9}},"23":{"start":{"line":99,"column":8},"end":{"line":99,"column":29}},"24":{"start":{"line":101,"column":8},"end":{"line":101,"column":22}},"25":{"start":{"line":104,"column":6},"end":{"line":104,"column":21}}},"branchMap":{"1":{"line":30,"type":"if","locations":[{"start":{"line":30,"column":4},"end":{"line":30,"column":4}},{"start":{"line":30,"column":4},"end":{"line":30,"column":4}}]},"2":{"line":64,"type":"if","locations":[{"start":{"line":64,"column":4},"end":{"line":64,"column":4}},{"start":{"line":64,"column":4},"end":{"line":64,"column":4}}]},"3":{"line":97,"type":"if","locations":[{"start":{"line":97,"column":4},"end":{"line":97,"column":4}},{"start":{"line":97,"column":4},"end":{"line":97,"column":4}}]}},"code":["'use strict';","","var AuthenticationRequest = require('./authentication-request');","var HttpManager = require('./http-manager');","","module.exports = {","  /**","   * Request an access token using the Client Credentials flow.","   * Requires that client ID and client secret has been set previous to the call.","   * @param {Object} options Options.","   * @param {requestCallback} [callback] Optional callback method to be called instead of the promise.","   * @returns {Promise|undefined} A promise that if successful, resolves into an object containing the access token,","   *          token type and time to expiration. If rejected, it contains an error object. Not returned if a callback is given.","   */","  clientCredentialsGrant: function(options, callback) {","    var request = AuthenticationRequest.builder()","      .withPath('/api/token')","      .withBodyParameters({","        'grant_type' : 'client_credentials'","      })","      .withHeaders({","        Authorization : ('Basic ' + new Buffer(this.getClientId() + ':' + this.getClientSecret()).toString('base64'))","      })","      .build();","","    this._addBodyParameters(request, options);","","    var promise =  this._performRequest(HttpManager.post, request);","","    if (callback) {","      promise.then(function(data) {","        callback(null, data);","      }, function(err) {","        callback(err);","      });","    } else {","      return promise;","    }","  },","","  /**","   * Request an access token using the Authorization Code flow.","   * Requires that client ID, client secret, and redirect URI has been set previous to the call.","   * @param {string} code The authorization code returned in the callback in the Authorization Code flow.","   * @param {requestCallback} [callback] Optional callback method to be called instead of the promise.","   * @returns {Promise|undefined} A promise that if successful, resolves into an object containing the access token,","   *          refresh token, token type and time to expiration. If rejected, it contains an error object.","   *          Not returned if a callback is given.","   */","  authorizationCodeGrant: function(code, callback) {","    var request = AuthenticationRequest.builder()","      .withPath('/api/token')","      .withBodyParameters({","        'grant_type' : 'authorization_code',","        'redirect_uri' : this.getRedirectURI(),","        'code' : code,","        'client_id' : this.getClientId(),","        'client_secret' : this.getClientSecret()","      })","      .build();","","    var promise = this._performRequest(HttpManager.post, request);","","    if (callback) {","      promise.then(function(data) {","        callback(null, data);","      }, function(err) {","        callback(err);","      });","    } else {","      return promise;","    }","  },","","  /**","   * Refresh the access token given that it hasn't expired.","   * Requires that client ID, client secret and refresh token has been set previous to the call.","   * @param {requestCallback} [callback] Optional callback method to be called instead of the promise.","   * @returns {Promise|undefined} A promise that if successful, resolves to an object containing the","   *          access token, time to expiration and token type. If rejected, it contains an error object.","   *          Not returned if a callback is given.","   */","  refreshAccessToken: function(callback) {","    var request = AuthenticationRequest.builder()","      .withPath('/api/token')","      .withBodyParameters({","        'grant_type' : 'refresh_token',","        'refresh_token' : this.getRefreshToken()","      })","      .withHeaders({","        Authorization : ('Basic ' + new Buffer(this.getClientId() + ':' + this.getClientSecret()).toString('base64'))","      })","      .build();","","    var promise = this._performRequest(HttpManager.post, request);","","    if (callback) {","      promise.then(function(data) {","        callback(null, data);","      }, function(err) {","        callback(err);","      });","    } else {","      return promise;","    }","  }","};",""],"l":{"3":1,"4":1,"6":1,"16":0,"26":0,"28":0,"30":0,"31":0,"32":0,"34":0,"37":0,"51":0,"62":0,"64":0,"65":0,"66":0,"68":0,"71":0,"84":0,"95":0,"97":0,"98":0,"99":0,"101":0,"104":0}},"/home/travis/build/npmtest/node-npmtest-spotify-web-api-node/node_modules/spotify-web-api-node/src/client.js":{"path":"/home/travis/build/npmtest/node-npmtest-spotify-web-api-node/node_modules/spotify-web-api-node/src/client.js","s":{"1":1},"b":{},"f":{},"fnMap":{},"statementMap":{"1":{"start":{"line":1,"column":0},"end":{"line":1,"column":46}}},"branchMap":{},"code":["module.exports = require('./spotify-web-api');",""],"l":{"1":1}}}